{"D:\\Projects\\mobile-mcp-main\\src\\png.ts":{"path":"D:\\Projects\\mobile-mcp-main\\src\\png.ts","statementMap":{"0":{"start":{"line":2,"column":0},"end":{"line":2,"column":62}},"1":{"start":{"line":3,"column":0},"end":{"line":3,"column":21}},"2":{"start":{"line":7,"column":8},"end":{"line":7,"column":29}},"3":{"start":{"line":10,"column":29},"end":{"line":10,"column":75}},"4":{"start":{"line":11,"column":8},"end":{"line":13,"column":9}},"5":{"start":{"line":12,"column":12},"end":{"line":12,"column":52}},"6":{"start":{"line":14,"column":22},"end":{"line":14,"column":50}},"7":{"start":{"line":15,"column":23},"end":{"line":15,"column":51}},"8":{"start":{"line":16,"column":8},"end":{"line":16,"column":33}},"9":{"start":{"line":19,"column":0},"end":{"line":19,"column":18}}},"fnMap":{"0":{"name":"(anonymous_0)","decl":{"start":{"line":6,"column":4},"end":{"line":6,"column":5}},"loc":{"start":{"line":6,"column":24},"end":{"line":8,"column":5}},"line":6},"1":{"name":"(anonymous_1)","decl":{"start":{"line":9,"column":4},"end":{"line":9,"column":5}},"loc":{"start":{"line":9,"column":20},"end":{"line":17,"column":5}},"line":9}},"branchMap":{"0":{"loc":{"start":{"line":11,"column":8},"end":{"line":13,"column":9}},"type":"if","locations":[{"start":{"line":11,"column":8},"end":{"line":13,"column":9}},{"start":{},"end":{}}],"line":11}},"s":{"0":1,"1":1,"2":2,"3":3,"4":3,"5":1,"6":2,"7":2,"8":2,"9":1},"f":{"0":2,"1":3},"b":{"0":[1,2]},"inputSourceMap":{"version":3,"file":"D:/Projects/mobile-mcp-main/src/png.ts","sources":["D:/Projects/mobile-mcp-main/src/png.ts"],"names":[],"mappings":";;;AAKA,MAAa,GAAG;IACqB;IAApC,YAAoC,MAAc;QAAd,WAAM,GAAN,MAAM,CAAQ;IAClD,CAAC;IAEM,aAAa;QACnB,MAAM,YAAY,GAAG,MAAM,CAAC,IAAI,CAAC,CAAC,GAAG,EAAE,EAAE,EAAE,EAAE,EAAE,EAAE,EAAE,EAAE,EAAE,EAAE,EAAE,EAAE,EAAE,EAAE,CAAC,CAAC,CAAC;QACpE,IAAI,CAAC,IAAI,CAAC,MAAM,CAAC,QAAQ,CAAC,CAAC,EAAE,CAAC,CAAC,CAAC,MAAM,CAAC,YAAY,CAAC,EAAE,CAAC;YACtD,MAAM,IAAI,KAAK,CAAC,sBAAsB,CAAC,CAAC;QACzC,CAAC;QAED,MAAM,KAAK,GAAG,IAAI,CAAC,MAAM,CAAC,YAAY,CAAC,EAAE,CAAC,CAAC;QAC3C,MAAM,MAAM,GAAG,IAAI,CAAC,MAAM,CAAC,YAAY,CAAC,EAAE,CAAC,CAAC;QAC5C,OAAO,EAAE,KAAK,EAAE,MAAM,EAAE,CAAC;IAC1B,CAAC;CACD;AAdD,kBAcC","sourcesContent":["export interface PngDimensions {\n\twidth: number;\n\theight: number;\n}\n\nexport class PNG {\n\tpublic constructor(private readonly buffer: Buffer) {\n\t}\n\n\tpublic getDimensions(): PngDimensions {\n\t\tconst pngSignature = Buffer.from([137, 80, 78, 71, 13, 10, 26, 10]);\n\t\tif (!this.buffer.subarray(0, 8).equals(pngSignature)) {\n\t\t\tthrow new Error(\"Not a valid PNG file\");\n\t\t}\n\n\t\tconst width = this.buffer.readUInt32BE(16);\n\t\tconst height = this.buffer.readUInt32BE(20);\n\t\treturn { width, height };\n\t}\n}\n"]},"_coverageSchema":"1a1c01bbd47fc00a2c39e90264f33305004495a9","hash":"2126d7dad2124415e0247afe60c470e701feb131","contentHash":"02c8b06027c970a9e413d06da23912463a997d45b10bc181f06935f97de93496"},"D:\\Projects\\mobile-mcp-main\\src\\android.ts":{"path":"D:\\Projects\\mobile-mcp-main\\src\\android.ts","statementMap":{"0":{"start":{"line":2,"column":22},"end":{"line":12,"column":3}},"1":{"start":{"line":3,"column":4},"end":{"line":3,"column":33}},"2":{"start":{"line":3,"column":26},"end":{"line":3,"column":33}},"3":{"start":{"line":4,"column":15},"end":{"line":4,"column":52}},"4":{"start":{"line":5,"column":4},"end":{"line":7,"column":5}},"5":{"start":{"line":6,"column":6},"end":{"line":6,"column":68}},"6":{"start":{"line":6,"column":51},"end":{"line":6,"column":63}},"7":{"start":{"line":8,"column":4},"end":{"line":8,"column":39}},"8":{"start":{"line":10,"column":4},"end":{"line":10,"column":33}},"9":{"start":{"line":10,"column":26},"end":{"line":10,"column":33}},"10":{"start":{"line":11,"column":4},"end":{"line":11,"column":17}},"11":{"start":{"line":13,"column":25},"end":{"line":17,"column":2}},"12":{"start":{"line":14,"column":4},"end":{"line":14,"column":72}},"13":{"start":{"line":16,"column":4},"end":{"line":16,"column":21}},"14":{"start":{"line":18,"column":19},"end":{"line":34,"column":4}},"15":{"start":{"line":19,"column":18},"end":{"line":26,"column":5}},"16":{"start":{"line":20,"column":8},"end":{"line":24,"column":10}},"17":{"start":{"line":21,"column":21},"end":{"line":21,"column":23}},"18":{"start":{"line":22,"column":12},"end":{"line":22,"column":95}},"19":{"start":{"line":22,"column":29},"end":{"line":22,"column":95}},"20":{"start":{"line":22,"column":77},"end":{"line":22,"column":95}},"21":{"start":{"line":23,"column":12},"end":{"line":23,"column":22}},"22":{"start":{"line":25,"column":8},"end":{"line":25,"column":26}},"23":{"start":{"line":27,"column":4},"end":{"line":33,"column":6}},"24":{"start":{"line":28,"column":8},"end":{"line":28,"column":46}},"25":{"start":{"line":28,"column":35},"end":{"line":28,"column":46}},"26":{"start":{"line":29,"column":21},"end":{"line":29,"column":23}},"27":{"start":{"line":30,"column":8},"end":{"line":30,"column":137}},"28":{"start":{"line":30,"column":25},"end":{"line":30,"column":137}},"29":{"start":{"line":30,"column":38},"end":{"line":30,"column":50}},"30":{"start":{"line":30,"column":56},"end":{"line":30,"column":57}},"31":{"start":{"line":30,"column":78},"end":{"line":30,"column":137}},"32":{"start":{"line":30,"column":102},"end":{"line":30,"column":137}},"33":{"start":{"line":31,"column":8},"end":{"line":31,"column":40}},"34":{"start":{"line":32,"column":8},"end":{"line":32,"column":22}},"35":{"start":{"line":35,"column":22},"end":{"line":37,"column":1}},"36":{"start":{"line":36,"column":4},"end":{"line":36,"column":62}},"37":{"start":{"line":38,"column":0},"end":{"line":38,"column":62}},"38":{"start":{"line":39,"column":0},"end":{"line":39,"column":61}},"39":{"start":{"line":40,"column":20},"end":{"line":40,"column":57}},"40":{"start":{"line":41,"column":29},"end":{"line":41,"column":58}},"41":{"start":{"line":42,"column":12},"end":{"line":42,"column":52}},"42":{"start":{"line":43,"column":16},"end":{"line":43,"column":34}},"43":{"start":{"line":44,"column":19},"end":{"line":50,"column":1}},"44":{"start":{"line":45,"column":21},"end":{"line":45,"column":26}},"45":{"start":{"line":46,"column":4},"end":{"line":48,"column":5}},"46":{"start":{"line":47,"column":8},"end":{"line":47,"column":97}},"47":{"start":{"line":49,"column":4},"end":{"line":49,"column":22}},"48":{"start":{"line":51,"column":19},"end":{"line":62,"column":1}},"49":{"start":{"line":63,"column":16},"end":{"line":63,"column":21}},"50":{"start":{"line":64,"column":24},"end":{"line":64,"column":39}},"51":{"start":{"line":68,"column":8},"end":{"line":68,"column":33}},"52":{"start":{"line":71,"column":8},"end":{"line":74,"column":11}},"53":{"start":{"line":77,"column":8},"end":{"line":82,"column":60}},"54":{"start":{"line":80,"column":25},"end":{"line":80,"column":36}},"55":{"start":{"line":81,"column":28},"end":{"line":81,"column":55}},"56":{"start":{"line":82,"column":25},"end":{"line":82,"column":58}},"57":{"start":{"line":85,"column":27},"end":{"line":88,"column":18}},"58":{"start":{"line":89,"column":8},"end":{"line":91,"column":9}},"59":{"start":{"line":90,"column":12},"end":{"line":90,"column":57}},"60":{"start":{"line":92,"column":22},"end":{"line":92,"column":23}},"61":{"start":{"line":93,"column":32},"end":{"line":93,"column":65}},"62":{"start":{"line":94,"column":8},"end":{"line":94,"column":40}},"63":{"start":{"line":98,"column":8},"end":{"line":108,"column":12}},"64":{"start":{"line":101,"column":25},"end":{"line":101,"column":36}},"65":{"start":{"line":102,"column":28},"end":{"line":102,"column":59}},"66":{"start":{"line":103,"column":25},"end":{"line":103,"column":62}},"67":{"start":{"line":104,"column":44},"end":{"line":104,"column":73}},"68":{"start":{"line":105,"column":33},"end":{"line":108,"column":9}},"69":{"start":{"line":111,"column":8},"end":{"line":116,"column":60}},"70":{"start":{"line":114,"column":25},"end":{"line":114,"column":36}},"71":{"start":{"line":115,"column":28},"end":{"line":115,"column":55}},"72":{"start":{"line":116,"column":25},"end":{"line":116,"column":58}},"73":{"start":{"line":119,"column":8},"end":{"line":119,"column":102}},"74":{"start":{"line":122,"column":8},"end":{"line":127,"column":47}},"75":{"start":{"line":125,"column":25},"end":{"line":125,"column":36}},"76":{"start":{"line":126,"column":28},"end":{"line":126,"column":48}},"77":{"start":{"line":127,"column":25},"end":{"line":127,"column":45}},"78":{"start":{"line":130,"column":27},"end":{"line":130,"column":53}},"79":{"start":{"line":131,"column":24},"end":{"line":131,"column":45}},"80":{"start":{"line":133,"column":8},"end":{"line":156,"column":9}},"81":{"start":{"line":135,"column":16},"end":{"line":135,"column":34}},"82":{"start":{"line":136,"column":16},"end":{"line":136,"column":58}},"83":{"start":{"line":137,"column":16},"end":{"line":137,"column":58}},"84":{"start":{"line":138,"column":16},"end":{"line":138,"column":22}},"85":{"start":{"line":140,"column":16},"end":{"line":140,"column":34}},"86":{"start":{"line":141,"column":16},"end":{"line":141,"column":58}},"87":{"start":{"line":142,"column":16},"end":{"line":142,"column":58}},"88":{"start":{"line":143,"column":16},"end":{"line":143,"column":22}},"89":{"start":{"line":145,"column":16},"end":{"line":145,"column":57}},"90":{"start":{"line":146,"column":16},"end":{"line":146,"column":57}},"91":{"start":{"line":147,"column":16},"end":{"line":147,"column":63}},"92":{"start":{"line":148,"column":16},"end":{"line":148,"column":22}},"93":{"start":{"line":150,"column":16},"end":{"line":150,"column":57}},"94":{"start":{"line":151,"column":16},"end":{"line":151,"column":57}},"95":{"start":{"line":152,"column":16},"end":{"line":152,"column":63}},"96":{"start":{"line":153,"column":16},"end":{"line":153,"column":22}},"97":{"start":{"line":155,"column":16},"end":{"line":155,"column":101}},"98":{"start":{"line":157,"column":8},"end":{"line":157,"column":88}},"99":{"start":{"line":160,"column":27},"end":{"line":160,"column":53}},"100":{"start":{"line":163,"column":33},"end":{"line":163,"column":68}},"101":{"start":{"line":164,"column":33},"end":{"line":164,"column":67}},"102":{"start":{"line":165,"column":31},"end":{"line":165,"column":59}},"103":{"start":{"line":166,"column":31},"end":{"line":166,"column":59}},"104":{"start":{"line":167,"column":8},"end":{"line":190,"column":9}},"105":{"start":{"line":169,"column":16},"end":{"line":169,"column":28}},"106":{"start":{"line":170,"column":16},"end":{"line":170,"column":23}},"107":{"start":{"line":171,"column":16},"end":{"line":171,"column":53}},"108":{"start":{"line":172,"column":16},"end":{"line":172,"column":22}},"109":{"start":{"line":174,"column":16},"end":{"line":174,"column":28}},"110":{"start":{"line":175,"column":16},"end":{"line":175,"column":23}},"111":{"start":{"line":176,"column":16},"end":{"line":176,"column":69}},"112":{"start":{"line":177,"column":16},"end":{"line":177,"column":22}},"113":{"start":{"line":179,"column":16},"end":{"line":179,"column":23}},"114":{"start":{"line":180,"column":16},"end":{"line":180,"column":53}},"115":{"start":{"line":181,"column":16},"end":{"line":181,"column":28}},"116":{"start":{"line":182,"column":16},"end":{"line":182,"column":22}},"117":{"start":{"line":184,"column":16},"end":{"line":184,"column":23}},"118":{"start":{"line":185,"column":16},"end":{"line":185,"column":68}},"119":{"start":{"line":186,"column":16},"end":{"line":186,"column":28}},"120":{"start":{"line":187,"column":16},"end":{"line":187,"column":22}},"121":{"start":{"line":189,"column":16},"end":{"line":189,"column":101}},"122":{"start":{"line":191,"column":8},"end":{"line":191,"column":88}},"123":{"start":{"line":194,"column":8},"end":{"line":194,"column":55}},"124":{"start":{"line":197,"column":25},"end":{"line":197,"column":27}},"125":{"start":{"line":198,"column":8},"end":{"line":207,"column":9}},"126":{"start":{"line":199,"column":12},"end":{"line":206,"column":13}},"127":{"start":{"line":200,"column":16},"end":{"line":202,"column":17}},"128":{"start":{"line":201,"column":20},"end":{"line":201,"column":70}},"129":{"start":{"line":205,"column":16},"end":{"line":205,"column":66}},"130":{"start":{"line":208,"column":8},"end":{"line":226,"column":9}},"131":{"start":{"line":209,"column":28},"end":{"line":214,"column":13}},"132":{"start":{"line":215,"column":12},"end":{"line":218,"column":13}},"133":{"start":{"line":217,"column":16},"end":{"line":217,"column":39}},"134":{"start":{"line":219,"column":31},"end":{"line":219,"column":50}},"135":{"start":{"line":220,"column":12},"end":{"line":222,"column":13}},"136":{"start":{"line":221,"column":16},"end":{"line":221,"column":48}},"137":{"start":{"line":223,"column":12},"end":{"line":225,"column":13}},"138":{"start":{"line":224,"column":16},"end":{"line":224,"column":39}},"139":{"start":{"line":227,"column":8},"end":{"line":227,"column":24}},"140":{"start":{"line":230,"column":26},"end":{"line":230,"column":56}},"141":{"start":{"line":231,"column":26},"end":{"line":231,"column":45}},"142":{"start":{"line":232,"column":25},"end":{"line":232,"column":61}},"143":{"start":{"line":233,"column":8},"end":{"line":233,"column":24}},"144":{"start":{"line":236,"column":8},"end":{"line":236,"column":59}},"145":{"start":{"line":239,"column":8},"end":{"line":239,"column":88}},"146":{"start":{"line":242,"column":8},"end":{"line":242,"column":43}},"147":{"start":{"line":245,"column":25},"end":{"line":245,"column":50}},"148":{"start":{"line":246,"column":8},"end":{"line":246,"column":61}},"149":{"start":{"line":249,"column":8},"end":{"line":253,"column":9}},"150":{"start":{"line":252,"column":12},"end":{"line":252,"column":19}},"151":{"start":{"line":254,"column":8},"end":{"line":271,"column":9}},"152":{"start":{"line":257,"column":26},"end":{"line":257,"column":51}},"153":{"start":{"line":258,"column":12},"end":{"line":258,"column":54}},"154":{"start":{"line":260,"column":13},"end":{"line":271,"column":9}},"155":{"start":{"line":262,"column":27},"end":{"line":262,"column":63}},"156":{"start":{"line":264,"column":12},"end":{"line":264,"column":194}},"157":{"start":{"line":265,"column":12},"end":{"line":265,"column":68}},"158":{"start":{"line":267,"column":12},"end":{"line":267,"column":146}},"159":{"start":{"line":270,"column":12},"end":{"line":270,"column":183}},"160":{"start":{"line":274,"column":8},"end":{"line":276,"column":9}},"161":{"start":{"line":275,"column":12},"end":{"line":275,"column":85}},"162":{"start":{"line":277,"column":8},"end":{"line":277,"column":67}},"163":{"start":{"line":280,"column":8},"end":{"line":280,"column":58}},"164":{"start":{"line":283,"column":33},"end":{"line":283,"column":67}},"165":{"start":{"line":285,"column":8},"end":{"line":285,"column":86}},"166":{"start":{"line":286,"column":8},"end":{"line":286,"column":160}},"167":{"start":{"line":289,"column":25},"end":{"line":289,"column":106}},"168":{"start":{"line":290,"column":8},"end":{"line":290,"column":59}},"169":{"start":{"line":293,"column":8},"end":{"line":303,"column":9}},"170":{"start":{"line":293,"column":25},"end":{"line":293,"column":26}},"171":{"start":{"line":294,"column":25},"end":{"line":294,"column":91}},"172":{"start":{"line":296,"column":12},"end":{"line":301,"column":13}},"173":{"start":{"line":300,"column":16},"end":{"line":300,"column":25}},"174":{"start":{"line":302,"column":12},"end":{"line":302,"column":57}},"175":{"start":{"line":304,"column":8},"end":{"line":304,"column":75}},"176":{"start":{"line":307,"column":21},"end":{"line":307,"column":52}},"177":{"start":{"line":308,"column":23},"end":{"line":311,"column":10}},"178":{"start":{"line":312,"column":8},"end":{"line":312,"column":34}},"179":{"start":{"line":315,"column":23},"end":{"line":315,"column":42}},"180":{"start":{"line":316,"column":45},"end":{"line":316,"column":112}},"181":{"start":{"line":317,"column":8},"end":{"line":322,"column":10}},"182":{"start":{"line":325,"column":0},"end":{"line":325,"column":36}},"183":{"start":{"line":328,"column":23},"end":{"line":328,"column":45}},"184":{"start":{"line":329,"column":25},"end":{"line":329,"column":51}},"185":{"start":{"line":330,"column":8},"end":{"line":332,"column":9}},"186":{"start":{"line":331,"column":12},"end":{"line":331,"column":24}},"187":{"start":{"line":333,"column":8},"end":{"line":333,"column":24}},"188":{"start":{"line":336,"column":8},"end":{"line":352,"column":9}},"189":{"start":{"line":337,"column":26},"end":{"line":343,"column":49}},"190":{"start":{"line":340,"column":29},"end":{"line":340,"column":40}},"191":{"start":{"line":341,"column":32},"end":{"line":341,"column":43}},"192":{"start":{"line":342,"column":32},"end":{"line":342,"column":76}},"193":{"start":{"line":343,"column":29},"end":{"line":343,"column":48}},"194":{"start":{"line":344,"column":12},"end":{"line":347,"column":16}},"195":{"start":{"line":344,"column":38},"end":{"line":347,"column":13}},"196":{"start":{"line":350,"column":12},"end":{"line":350,"column":91}},"197":{"start":{"line":351,"column":12},"end":{"line":351,"column":22}},"198":{"start":{"line":355,"column":0},"end":{"line":355,"column":52}}},"fnMap":{"0":{"name":"(anonymous_0)","decl":{"start":{"line":2,"column":74},"end":{"line":2,"column":75}},"loc":{"start":{"line":2,"column":96},"end":{"line":9,"column":1}},"line":2},"1":{"name":"(anonymous_1)","decl":{"start":{"line":6,"column":38},"end":{"line":6,"column":39}},"loc":{"start":{"line":6,"column":49},"end":{"line":6,"column":65}},"line":6},"2":{"name":"(anonymous_2)","decl":{"start":{"line":9,"column":6},"end":{"line":9,"column":7}},"loc":{"start":{"line":9,"column":28},"end":{"line":12,"column":1}},"line":9},"3":{"name":"(anonymous_3)","decl":{"start":{"line":13,"column":80},"end":{"line":13,"column":81}},"loc":{"start":{"line":13,"column":95},"end":{"line":15,"column":1}},"line":13},"4":{"name":"(anonymous_4)","decl":{"start":{"line":15,"column":5},"end":{"line":15,"column":6}},"loc":{"start":{"line":15,"column":20},"end":{"line":17,"column":1}},"line":15},"5":{"name":"(anonymous_5)","decl":{"start":{"line":18,"column":51},"end":{"line":18,"column":52}},"loc":{"start":{"line":18,"column":63},"end":{"line":34,"column":1}},"line":18},"6":{"name":"(anonymous_6)","decl":{"start":{"line":19,"column":18},"end":{"line":19,"column":19}},"loc":{"start":{"line":19,"column":30},"end":{"line":26,"column":5}},"line":19},"7":{"name":"(anonymous_7)","decl":{"start":{"line":20,"column":48},"end":{"line":20,"column":49}},"loc":{"start":{"line":20,"column":61},"end":{"line":24,"column":9}},"line":20},"8":{"name":"(anonymous_8)","decl":{"start":{"line":27,"column":11},"end":{"line":27,"column":12}},"loc":{"start":{"line":27,"column":26},"end":{"line":33,"column":5}},"line":27},"9":{"name":"(anonymous_9)","decl":{"start":{"line":35,"column":56},"end":{"line":35,"column":57}},"loc":{"start":{"line":35,"column":71},"end":{"line":37,"column":1}},"line":35},"10":{"name":"(anonymous_10)","decl":{"start":{"line":44,"column":19},"end":{"line":44,"column":20}},"loc":{"start":{"line":44,"column":25},"end":{"line":50,"column":1}},"line":44},"11":{"name":"(anonymous_11)","decl":{"start":{"line":67,"column":4},"end":{"line":67,"column":5}},"loc":{"start":{"line":67,"column":26},"end":{"line":69,"column":5}},"line":67},"12":{"name":"(anonymous_12)","decl":{"start":{"line":70,"column":4},"end":{"line":70,"column":5}},"loc":{"start":{"line":70,"column":17},"end":{"line":75,"column":5}},"line":70},"13":{"name":"(anonymous_13)","decl":{"start":{"line":76,"column":4},"end":{"line":76,"column":5}},"loc":{"start":{"line":76,"column":24},"end":{"line":83,"column":5}},"line":76},"14":{"name":"(anonymous_14)","decl":{"start":{"line":80,"column":17},"end":{"line":80,"column":18}},"loc":{"start":{"line":80,"column":25},"end":{"line":80,"column":36}},"line":80},"15":{"name":"(anonymous_15)","decl":{"start":{"line":81,"column":20},"end":{"line":81,"column":21}},"loc":{"start":{"line":81,"column":28},"end":{"line":81,"column":55}},"line":81},"16":{"name":"(anonymous_16)","decl":{"start":{"line":82,"column":17},"end":{"line":82,"column":18}},"loc":{"start":{"line":82,"column":25},"end":{"line":82,"column":58}},"line":82},"17":{"name":"(anonymous_17)","decl":{"start":{"line":84,"column":4},"end":{"line":84,"column":5}},"loc":{"start":{"line":84,"column":26},"end":{"line":95,"column":5}},"line":84},"18":{"name":"(anonymous_18)","decl":{"start":{"line":96,"column":4},"end":{"line":96,"column":5}},"loc":{"start":{"line":96,"column":21},"end":{"line":109,"column":5}},"line":96},"19":{"name":"(anonymous_19)","decl":{"start":{"line":101,"column":17},"end":{"line":101,"column":18}},"loc":{"start":{"line":101,"column":25},"end":{"line":101,"column":36}},"line":101},"20":{"name":"(anonymous_20)","decl":{"start":{"line":102,"column":20},"end":{"line":102,"column":21}},"loc":{"start":{"line":102,"column":28},"end":{"line":102,"column":59}},"line":102},"21":{"name":"(anonymous_21)","decl":{"start":{"line":103,"column":17},"end":{"line":103,"column":18}},"loc":{"start":{"line":103,"column":25},"end":{"line":103,"column":62}},"line":103},"22":{"name":"(anonymous_22)","decl":{"start":{"line":104,"column":20},"end":{"line":104,"column":21}},"loc":{"start":{"line":104,"column":44},"end":{"line":104,"column":73}},"line":104},"23":{"name":"(anonymous_23)","decl":{"start":{"line":105,"column":17},"end":{"line":105,"column":18}},"loc":{"start":{"line":105,"column":33},"end":{"line":108,"column":9}},"line":105},"24":{"name":"(anonymous_24)","decl":{"start":{"line":110,"column":4},"end":{"line":110,"column":5}},"loc":{"start":{"line":110,"column":25},"end":{"line":117,"column":5}},"line":110},"25":{"name":"(anonymous_25)","decl":{"start":{"line":114,"column":17},"end":{"line":114,"column":18}},"loc":{"start":{"line":114,"column":25},"end":{"line":114,"column":36}},"line":114},"26":{"name":"(anonymous_26)","decl":{"start":{"line":115,"column":20},"end":{"line":115,"column":21}},"loc":{"start":{"line":115,"column":28},"end":{"line":115,"column":55}},"line":115},"27":{"name":"(anonymous_27)","decl":{"start":{"line":116,"column":17},"end":{"line":116,"column":18}},"loc":{"start":{"line":116,"column":25},"end":{"line":116,"column":58}},"line":116},"28":{"name":"(anonymous_28)","decl":{"start":{"line":118,"column":4},"end":{"line":118,"column":5}},"loc":{"start":{"line":118,"column":33},"end":{"line":120,"column":5}},"line":118},"29":{"name":"(anonymous_29)","decl":{"start":{"line":121,"column":4},"end":{"line":121,"column":5}},"loc":{"start":{"line":121,"column":33},"end":{"line":128,"column":5}},"line":121},"30":{"name":"(anonymous_30)","decl":{"start":{"line":125,"column":17},"end":{"line":125,"column":18}},"loc":{"start":{"line":125,"column":25},"end":{"line":125,"column":36}},"line":125},"31":{"name":"(anonymous_31)","decl":{"start":{"line":126,"column":20},"end":{"line":126,"column":21}},"loc":{"start":{"line":126,"column":28},"end":{"line":126,"column":48}},"line":126},"32":{"name":"(anonymous_32)","decl":{"start":{"line":127,"column":17},"end":{"line":127,"column":18}},"loc":{"start":{"line":127,"column":25},"end":{"line":127,"column":45}},"line":127},"33":{"name":"(anonymous_33)","decl":{"start":{"line":129,"column":4},"end":{"line":129,"column":5}},"loc":{"start":{"line":129,"column":27},"end":{"line":158,"column":5}},"line":129},"34":{"name":"(anonymous_34)","decl":{"start":{"line":159,"column":4},"end":{"line":159,"column":5}},"loc":{"start":{"line":159,"column":57},"end":{"line":192,"column":5}},"line":159},"35":{"name":"(anonymous_35)","decl":{"start":{"line":193,"column":4},"end":{"line":193,"column":5}},"loc":{"start":{"line":193,"column":26},"end":{"line":195,"column":5}},"line":193},"36":{"name":"(anonymous_36)","decl":{"start":{"line":196,"column":4},"end":{"line":196,"column":5}},"loc":{"start":{"line":196,"column":26},"end":{"line":228,"column":5}},"line":196},"37":{"name":"(anonymous_37)","decl":{"start":{"line":229,"column":4},"end":{"line":229,"column":5}},"loc":{"start":{"line":229,"column":32},"end":{"line":234,"column":5}},"line":229},"38":{"name":"(anonymous_38)","decl":{"start":{"line":235,"column":4},"end":{"line":235,"column":5}},"loc":{"start":{"line":235,"column":36},"end":{"line":237,"column":5}},"line":235},"39":{"name":"(anonymous_39)","decl":{"start":{"line":238,"column":4},"end":{"line":238,"column":5}},"loc":{"start":{"line":238,"column":23},"end":{"line":240,"column":5}},"line":238},"40":{"name":"(anonymous_40)","decl":{"start":{"line":241,"column":4},"end":{"line":241,"column":5}},"loc":{"start":{"line":241,"column":18},"end":{"line":243,"column":5}},"line":241},"41":{"name":"(anonymous_41)","decl":{"start":{"line":244,"column":4},"end":{"line":244,"column":5}},"loc":{"start":{"line":244,"column":33},"end":{"line":247,"column":5}},"line":244},"42":{"name":"(anonymous_42)","decl":{"start":{"line":248,"column":4},"end":{"line":248,"column":5}},"loc":{"start":{"line":248,"column":25},"end":{"line":272,"column":5}},"line":248},"43":{"name":"(anonymous_43)","decl":{"start":{"line":273,"column":4},"end":{"line":273,"column":5}},"loc":{"start":{"line":273,"column":30},"end":{"line":278,"column":5}},"line":273},"44":{"name":"(anonymous_44)","decl":{"start":{"line":279,"column":4},"end":{"line":279,"column":5}},"loc":{"start":{"line":279,"column":20},"end":{"line":281,"column":5}},"line":279},"45":{"name":"(anonymous_45)","decl":{"start":{"line":282,"column":4},"end":{"line":282,"column":5}},"loc":{"start":{"line":282,"column":38},"end":{"line":287,"column":5}},"line":282},"46":{"name":"(anonymous_46)","decl":{"start":{"line":288,"column":4},"end":{"line":288,"column":5}},"loc":{"start":{"line":288,"column":27},"end":{"line":291,"column":5}},"line":288},"47":{"name":"(anonymous_47)","decl":{"start":{"line":292,"column":4},"end":{"line":292,"column":5}},"loc":{"start":{"line":292,"column":31},"end":{"line":305,"column":5}},"line":292},"48":{"name":"(anonymous_48)","decl":{"start":{"line":306,"column":4},"end":{"line":306,"column":5}},"loc":{"start":{"line":306,"column":30},"end":{"line":313,"column":5}},"line":306},"49":{"name":"(anonymous_49)","decl":{"start":{"line":314,"column":4},"end":{"line":314,"column":5}},"loc":{"start":{"line":314,"column":31},"end":{"line":323,"column":5}},"line":314},"50":{"name":"(anonymous_50)","decl":{"start":{"line":327,"column":4},"end":{"line":327,"column":5}},"loc":{"start":{"line":327,"column":24},"end":{"line":334,"column":5}},"line":327},"51":{"name":"(anonymous_51)","decl":{"start":{"line":335,"column":4},"end":{"line":335,"column":5}},"loc":{"start":{"line":335,"column":26},"end":{"line":353,"column":5}},"line":335},"52":{"name":"(anonymous_52)","decl":{"start":{"line":340,"column":21},"end":{"line":340,"column":22}},"loc":{"start":{"line":340,"column":29},"end":{"line":340,"column":40}},"line":340},"53":{"name":"(anonymous_53)","decl":{"start":{"line":341,"column":24},"end":{"line":341,"column":25}},"loc":{"start":{"line":341,"column":32},"end":{"line":341,"column":43}},"line":341},"54":{"name":"(anonymous_54)","decl":{"start":{"line":342,"column":24},"end":{"line":342,"column":25}},"loc":{"start":{"line":342,"column":32},"end":{"line":342,"column":76}},"line":342},"55":{"name":"(anonymous_55)","decl":{"start":{"line":343,"column":21},"end":{"line":343,"column":22}},"loc":{"start":{"line":343,"column":29},"end":{"line":343,"column":48}},"line":343},"56":{"name":"(anonymous_56)","decl":{"start":{"line":344,"column":29},"end":{"line":344,"column":30}},"loc":{"start":{"line":344,"column":38},"end":{"line":347,"column":13}},"line":344}},"branchMap":{"0":{"loc":{"start":{"line":2,"column":22},"end":{"line":12,"column":3}},"type":"binary-expr","locations":[{"start":{"line":2,"column":23},"end":{"line":2,"column":27}},{"start":{"line":2,"column":31},"end":{"line":2,"column":51}},{"start":{"line":2,"column":57},"end":{"line":12,"column":2}}],"line":2},"1":{"loc":{"start":{"line":2,"column":57},"end":{"line":12,"column":2}},"type":"cond-expr","locations":[{"start":{"line":2,"column":74},"end":{"line":9,"column":1}},{"start":{"line":9,"column":6},"end":{"line":12,"column":1}}],"line":2},"2":{"loc":{"start":{"line":3,"column":4},"end":{"line":3,"column":33}},"type":"if","locations":[{"start":{"line":3,"column":4},"end":{"line":3,"column":33}},{"start":{},"end":{}}],"line":3},"3":{"loc":{"start":{"line":5,"column":4},"end":{"line":7,"column":5}},"type":"if","locations":[{"start":{"line":5,"column":4},"end":{"line":7,"column":5}},{"start":{},"end":{}}],"line":5},"4":{"loc":{"start":{"line":5,"column":8},"end":{"line":5,"column":85}},"type":"binary-expr","locations":[{"start":{"line":5,"column":8},"end":{"line":5,"column":13}},{"start":{"line":5,"column":18},"end":{"line":5,"column":84}}],"line":5},"5":{"loc":{"start":{"line":5,"column":18},"end":{"line":5,"column":84}},"type":"cond-expr","locations":[{"start":{"line":5,"column":34},"end":{"line":5,"column":47}},{"start":{"line":5,"column":50},"end":{"line":5,"column":84}}],"line":5},"6":{"loc":{"start":{"line":5,"column":50},"end":{"line":5,"column":84}},"type":"binary-expr","locations":[{"start":{"line":5,"column":50},"end":{"line":5,"column":63}},{"start":{"line":5,"column":67},"end":{"line":5,"column":84}}],"line":5},"7":{"loc":{"start":{"line":10,"column":4},"end":{"line":10,"column":33}},"type":"if","locations":[{"start":{"line":10,"column":4},"end":{"line":10,"column":33}},{"start":{},"end":{}}],"line":10},"8":{"loc":{"start":{"line":13,"column":25},"end":{"line":17,"column":2}},"type":"binary-expr","locations":[{"start":{"line":13,"column":26},"end":{"line":13,"column":30}},{"start":{"line":13,"column":34},"end":{"line":13,"column":57}},{"start":{"line":13,"column":63},"end":{"line":17,"column":1}}],"line":13},"9":{"loc":{"start":{"line":13,"column":63},"end":{"line":17,"column":1}},"type":"cond-expr","locations":[{"start":{"line":13,"column":80},"end":{"line":15,"column":1}},{"start":{"line":15,"column":5},"end":{"line":17,"column":1}}],"line":13},"10":{"loc":{"start":{"line":18,"column":19},"end":{"line":34,"column":4}},"type":"binary-expr","locations":[{"start":{"line":18,"column":20},"end":{"line":18,"column":24}},{"start":{"line":18,"column":28},"end":{"line":18,"column":45}},{"start":{"line":18,"column":50},"end":{"line":34,"column":4}}],"line":18},"11":{"loc":{"start":{"line":20,"column":18},"end":{"line":24,"column":9}},"type":"binary-expr","locations":[{"start":{"line":20,"column":18},"end":{"line":20,"column":44}},{"start":{"line":20,"column":48},"end":{"line":24,"column":9}}],"line":20},"12":{"loc":{"start":{"line":22,"column":29},"end":{"line":22,"column":95}},"type":"if","locations":[{"start":{"line":22,"column":29},"end":{"line":22,"column":95}},{"start":{},"end":{}}],"line":22},"13":{"loc":{"start":{"line":28,"column":8},"end":{"line":28,"column":46}},"type":"if","locations":[{"start":{"line":28,"column":8},"end":{"line":28,"column":46}},{"start":{},"end":{}}],"line":28},"14":{"loc":{"start":{"line":28,"column":12},"end":{"line":28,"column":33}},"type":"binary-expr","locations":[{"start":{"line":28,"column":12},"end":{"line":28,"column":15}},{"start":{"line":28,"column":19},"end":{"line":28,"column":33}}],"line":28},"15":{"loc":{"start":{"line":30,"column":8},"end":{"line":30,"column":137}},"type":"if","locations":[{"start":{"line":30,"column":8},"end":{"line":30,"column":137}},{"start":{},"end":{}}],"line":30},"16":{"loc":{"start":{"line":30,"column":78},"end":{"line":30,"column":137}},"type":"if","locations":[{"start":{"line":30,"column":78},"end":{"line":30,"column":137}},{"start":{},"end":{}}],"line":30},"17":{"loc":{"start":{"line":35,"column":22},"end":{"line":37,"column":1}},"type":"binary-expr","locations":[{"start":{"line":35,"column":23},"end":{"line":35,"column":27}},{"start":{"line":35,"column":31},"end":{"line":35,"column":51}},{"start":{"line":35,"column":56},"end":{"line":37,"column":1}}],"line":35},"18":{"loc":{"start":{"line":36,"column":11},"end":{"line":36,"column":61}},"type":"cond-expr","locations":[{"start":{"line":36,"column":37},"end":{"line":36,"column":40}},{"start":{"line":36,"column":43},"end":{"line":36,"column":61}}],"line":36},"19":{"loc":{"start":{"line":36,"column":12},"end":{"line":36,"column":33}},"type":"binary-expr","locations":[{"start":{"line":36,"column":12},"end":{"line":36,"column":15}},{"start":{"line":36,"column":19},"end":{"line":36,"column":33}}],"line":36},"20":{"loc":{"start":{"line":46,"column":4},"end":{"line":48,"column":5}},"type":"if","locations":[{"start":{"line":46,"column":4},"end":{"line":48,"column":5}},{"start":{},"end":{}}],"line":46},"21":{"loc":{"start":{"line":89,"column":8},"end":{"line":91,"column":9}},"type":"if","locations":[{"start":{"line":89,"column":8},"end":{"line":91,"column":9}},{"start":{},"end":{}}],"line":89},"22":{"loc":{"start":{"line":133,"column":8},"end":{"line":156,"column":9}},"type":"switch","locations":[{"start":{"line":134,"column":12},"end":{"line":138,"column":22}},{"start":{"line":139,"column":12},"end":{"line":143,"column":22}},{"start":{"line":144,"column":12},"end":{"line":148,"column":22}},{"start":{"line":149,"column":12},"end":{"line":153,"column":22}},{"start":{"line":154,"column":12},"end":{"line":155,"column":101}}],"line":133},"23":{"loc":{"start":{"line":165,"column":31},"end":{"line":165,"column":59}},"type":"binary-expr","locations":[{"start":{"line":165,"column":31},"end":{"line":165,"column":39}},{"start":{"line":165,"column":43},"end":{"line":165,"column":59}}],"line":165},"24":{"loc":{"start":{"line":166,"column":31},"end":{"line":166,"column":59}},"type":"binary-expr","locations":[{"start":{"line":166,"column":31},"end":{"line":166,"column":39}},{"start":{"line":166,"column":43},"end":{"line":166,"column":59}}],"line":166},"25":{"loc":{"start":{"line":167,"column":8},"end":{"line":190,"column":9}},"type":"switch","locations":[{"start":{"line":168,"column":12},"end":{"line":172,"column":22}},{"start":{"line":173,"column":12},"end":{"line":177,"column":22}},{"start":{"line":178,"column":12},"end":{"line":182,"column":22}},{"start":{"line":183,"column":12},"end":{"line":187,"column":22}},{"start":{"line":188,"column":12},"end":{"line":189,"column":101}}],"line":167},"26":{"loc":{"start":{"line":198,"column":8},"end":{"line":207,"column":9}},"type":"if","locations":[{"start":{"line":198,"column":8},"end":{"line":207,"column":9}},{"start":{},"end":{}}],"line":198},"27":{"loc":{"start":{"line":199,"column":12},"end":{"line":206,"column":13}},"type":"if","locations":[{"start":{"line":199,"column":12},"end":{"line":206,"column":13}},{"start":{"line":204,"column":17},"end":{"line":206,"column":13}}],"line":199},"28":{"loc":{"start":{"line":208,"column":8},"end":{"line":226,"column":9}},"type":"if","locations":[{"start":{"line":208,"column":8},"end":{"line":226,"column":9}},{"start":{},"end":{}}],"line":208},"29":{"loc":{"start":{"line":208,"column":12},"end":{"line":208,"column":58}},"type":"binary-expr","locations":[{"start":{"line":208,"column":12},"end":{"line":208,"column":21}},{"start":{"line":208,"column":25},"end":{"line":208,"column":45}},{"start":{"line":208,"column":49},"end":{"line":208,"column":58}}],"line":208},"30":{"loc":{"start":{"line":210,"column":22},"end":{"line":210,"column":42}},"type":"binary-expr","locations":[{"start":{"line":210,"column":22},"end":{"line":210,"column":32}},{"start":{"line":210,"column":36},"end":{"line":210,"column":42}}],"line":210},"31":{"loc":{"start":{"line":212,"column":23},"end":{"line":212,"column":62}},"type":"binary-expr","locations":[{"start":{"line":212,"column":23},"end":{"line":212,"column":43}},{"start":{"line":212,"column":47},"end":{"line":212,"column":56}},{"start":{"line":212,"column":60},"end":{"line":212,"column":62}}],"line":212},"32":{"loc":{"start":{"line":215,"column":12},"end":{"line":218,"column":13}},"type":"if","locations":[{"start":{"line":215,"column":12},"end":{"line":218,"column":13}},{"start":{},"end":{}}],"line":215},"33":{"loc":{"start":{"line":220,"column":12},"end":{"line":222,"column":13}},"type":"if","locations":[{"start":{"line":220,"column":12},"end":{"line":222,"column":13}},{"start":{},"end":{}}],"line":220},"34":{"loc":{"start":{"line":220,"column":16},"end":{"line":220,"column":56}},"type":"binary-expr","locations":[{"start":{"line":220,"column":16},"end":{"line":220,"column":35}},{"start":{"line":220,"column":39},"end":{"line":220,"column":56}}],"line":220},"35":{"loc":{"start":{"line":223,"column":12},"end":{"line":225,"column":13}},"type":"if","locations":[{"start":{"line":223,"column":12},"end":{"line":225,"column":13}},{"start":{},"end":{}}],"line":223},"36":{"loc":{"start":{"line":223,"column":16},"end":{"line":223,"column":65}},"type":"binary-expr","locations":[{"start":{"line":223,"column":16},"end":{"line":223,"column":38}},{"start":{"line":223,"column":42},"end":{"line":223,"column":65}}],"line":223},"37":{"loc":{"start":{"line":249,"column":8},"end":{"line":253,"column":9}},"type":"if","locations":[{"start":{"line":249,"column":8},"end":{"line":253,"column":9}},{"start":{},"end":{}}],"line":249},"38":{"loc":{"start":{"line":254,"column":8},"end":{"line":271,"column":9}},"type":"if","locations":[{"start":{"line":254,"column":8},"end":{"line":271,"column":9}},{"start":{"line":260,"column":13},"end":{"line":271,"column":9}}],"line":254},"39":{"loc":{"start":{"line":260,"column":13},"end":{"line":271,"column":9}},"type":"if","locations":[{"start":{"line":260,"column":13},"end":{"line":271,"column":9}},{"start":{"line":269,"column":13},"end":{"line":271,"column":9}}],"line":260},"40":{"loc":{"start":{"line":274,"column":8},"end":{"line":276,"column":9}},"type":"if","locations":[{"start":{"line":274,"column":8},"end":{"line":276,"column":9}},{"start":{},"end":{}}],"line":274},"41":{"loc":{"start":{"line":283,"column":33},"end":{"line":283,"column":67}},"type":"cond-expr","locations":[{"start":{"line":283,"column":62},"end":{"line":283,"column":63}},{"start":{"line":283,"column":66},"end":{"line":283,"column":67}}],"line":283},"42":{"loc":{"start":{"line":290,"column":15},"end":{"line":290,"column":58}},"type":"cond-expr","locations":[{"start":{"line":290,"column":34},"end":{"line":290,"column":44}},{"start":{"line":290,"column":47},"end":{"line":290,"column":58}}],"line":290},"43":{"loc":{"start":{"line":296,"column":12},"end":{"line":301,"column":13}},"type":"if","locations":[{"start":{"line":296,"column":12},"end":{"line":301,"column":13}},{"start":{},"end":{}}],"line":296},"44":{"loc":{"start":{"line":316,"column":45},"end":{"line":316,"column":112}},"type":"binary-expr","locations":[{"start":{"line":316,"column":45},"end":{"line":316,"column":106}},{"start":{"line":316,"column":110},"end":{"line":316,"column":112}}],"line":316},"45":{"loc":{"start":{"line":330,"column":8},"end":{"line":332,"column":9}},"type":"if","locations":[{"start":{"line":330,"column":8},"end":{"line":332,"column":9}},{"start":{},"end":{}}],"line":330},"46":{"loc":{"start":{"line":330,"column":12},"end":{"line":330,"column":115}},"type":"binary-expr","locations":[{"start":{"line":330,"column":12},"end":{"line":330,"column":58}},{"start":{"line":330,"column":62},"end":{"line":330,"column":115}}],"line":330}},"s":{"0":1,"1":0,"2":0,"3":0,"4":0,"5":0,"6":0,"7":0,"8":0,"9":0,"10":0,"11":1,"12":0,"13":0,"14":1,"15":1,"16":0,"17":0,"18":0,"19":0,"20":0,"21":0,"22":0,"23":1,"24":1,"25":1,"26":0,"27":0,"28":0,"29":0,"30":0,"31":0,"32":0,"33":0,"34":0,"35":1,"36":1,"37":1,"38":1,"39":1,"40":1,"41":1,"42":1,"43":1,"44":1,"45":1,"46":0,"47":1,"48":1,"49":1,"50":1,"51":1,"52":0,"53":0,"54":0,"55":0,"56":0,"57":0,"58":0,"59":0,"60":0,"61":0,"62":0,"63":0,"64":0,"65":0,"66":0,"67":0,"68":0,"69":0,"70":0,"71":0,"72":0,"73":0,"74":0,"75":0,"76":0,"77":0,"78":0,"79":0,"80":0,"81":0,"82":0,"83":0,"84":0,"85":0,"86":0,"87":0,"88":0,"89":0,"90":0,"91":0,"92":0,"93":0,"94":0,"95":0,"96":0,"97":0,"98":0,"99":0,"100":0,"101":0,"102":0,"103":0,"104":0,"105":0,"106":0,"107":0,"108":0,"109":0,"110":0,"111":0,"112":0,"113":0,"114":0,"115":0,"116":0,"117":0,"118":0,"119":0,"120":0,"121":0,"122":0,"123":0,"124":0,"125":0,"126":0,"127":0,"128":0,"129":0,"130":0,"131":0,"132":0,"133":0,"134":0,"135":0,"136":0,"137":0,"138":0,"139":0,"140":0,"141":0,"142":0,"143":0,"144":0,"145":0,"146":0,"147":0,"148":0,"149":0,"150":0,"151":0,"152":0,"153":0,"154":0,"155":0,"156":0,"157":0,"158":0,"159":0,"160":0,"161":0,"162":0,"163":0,"164":0,"165":0,"166":0,"167":0,"168":0,"169":0,"170":0,"171":0,"172":0,"173":0,"174":0,"175":0,"176":0,"177":0,"178":0,"179":0,"180":0,"181":0,"182":1,"183":0,"184":0,"185":0,"186":0,"187":0,"188":1,"189":1,"190":0,"191":0,"192":0,"193":0,"194":0,"195":0,"196":1,"197":1,"198":1},"f":{"0":0,"1":0,"2":0,"3":0,"4":0,"5":1,"6":0,"7":0,"8":1,"9":1,"10":1,"11":1,"12":0,"13":0,"14":0,"15":0,"16":0,"17":0,"18":0,"19":0,"20":0,"21":0,"22":0,"23":0,"24":0,"25":0,"26":0,"27":0,"28":0,"29":0,"30":0,"31":0,"32":0,"33":0,"34":0,"35":0,"36":0,"37":0,"38":0,"39":0,"40":0,"41":0,"42":0,"43":0,"44":0,"45":0,"46":0,"47":0,"48":0,"49":0,"50":0,"51":1,"52":0,"53":0,"54":0,"55":0,"56":0},"b":{"0":[1,1,1],"1":[1,0],"2":[0,0],"3":[0,0],"4":[0,0],"5":[0,0],"6":[0,0],"7":[0,0],"8":[1,1,1],"9":[1,0],"10":[1,1,1],"11":[0,0],"12":[0,0],"13":[1,0],"14":[1,1],"15":[0,0],"16":[0,0],"17":[1,1,1],"18":[0,1],"19":[1,1],"20":[0,1],"21":[0,0],"22":[0,0,0,0,0],"23":[0,0],"24":[0,0],"25":[0,0,0,0,0],"26":[0,0],"27":[0,0],"28":[0,0],"29":[0,0,0],"30":[0,0],"31":[0,0,0],"32":[0,0],"33":[0,0],"34":[0,0],"35":[0,0],"36":[0,0],"37":[0,0],"38":[0,0],"39":[0,0],"40":[0,0],"41":[0,0],"42":[0,0],"43":[0,0],"44":[0,0],"45":[0,0],"46":[0,0]},"inputSourceMap":{"version":3,"file":"D:/Projects/mobile-mcp-main/src/android.ts","sources":["D:/Projects/mobile-mcp-main/src/android.ts"],"names":[],"mappings":";;;;;;;;;;;;;;;;;;;;;;;;;;;;;;;;;;;;;;;AAAA,0DAA6B;AAC7B,2DAAkD;AAElD,qDAAuC;AAEvC,mCAAkJ;AAwBlJ,MAAM,UAAU,GAAG,GAAW,EAAE;IAC/B,IAAI,UAAU,GAAG,KAAK,CAAC;IACvB,IAAI,OAAO,CAAC,GAAG,CAAC,YAAY,EAAE,CAAC;QAC9B,UAAU,GAAG,mBAAI,CAAC,IAAI,CAAC,OAAO,CAAC,GAAG,CAAC,YAAY,EAAE,gBAAgB,EAAE,KAAK,CAAC,CAAC;IAC3E,CAAC;IAED,OAAO,UAAU,CAAC;AACnB,CAAC,CAAC;AAEF,MAAM,UAAU,GAA2B;IAC1C,MAAM,EAAE,cAAc;IACtB,MAAM,EAAE,cAAc;IACtB,WAAW,EAAE,mBAAmB;IAChC,aAAa,EAAE,qBAAqB;IACpC,OAAO,EAAE,eAAe;IACxB,aAAa,EAAE,qBAAqB;IACpC,SAAS,EAAE,iBAAiB;IAC5B,WAAW,EAAE,mBAAmB;IAChC,WAAW,EAAE,mBAAmB;IAChC,YAAY,EAAE,oBAAoB;CAClC,CAAC;AAEF,MAAM,OAAO,GAAG,KAAK,CAAC;AACtB,MAAM,eAAe,GAAG,IAAI,GAAG,IAAI,GAAG,CAAC,CAAC;AAIxC,MAAa,YAAY;IAEG;IAA3B,YAA2B,QAAgB;QAAhB,aAAQ,GAAR,QAAQ,CAAQ;IAC3C,CAAC;IAEM,GAAG,CAAC,GAAG,IAAc;QAC3B,OAAO,IAAA,iCAAY,EAAC,UAAU,EAAE,EAAE,CAAC,IAAI,EAAE,IAAI,CAAC,QAAQ,EAAE,GAAG,IAAI,CAAC,EAAE;YACjE,SAAS,EAAE,eAAe;YAC1B,OAAO,EAAE,OAAO;SAChB,CAAC,CAAC;IACJ,CAAC;IAEM,iBAAiB;QACvB,OAAO,IAAI,CAAC,GAAG,CAAC,OAAO,EAAE,IAAI,EAAE,MAAM,EAAE,UAAU,CAAC;aAChD,QAAQ,EAAE;aACV,KAAK,CAAC,IAAI,CAAC;aACX,GAAG,CAAC,IAAI,CAAC,EAAE,CAAC,IAAI,CAAC,IAAI,EAAE,CAAC;aACxB,MAAM,CAAC,IAAI,CAAC,EAAE,CAAC,IAAI,CAAC,UAAU,CAAC,UAAU,CAAC,CAAC;aAC3C,GAAG,CAAC,IAAI,CAAC,EAAE,CAAC,IAAI,CAAC,SAAS,CAAC,UAAU,CAAC,MAAM,CAAC,CAAC,CAAC;IAClD,CAAC;IAEM,KAAK,CAAC,aAAa;QACzB,MAAM,UAAU,GAAG,IAAI,CAAC,GAAG,CAAC,OAAO,EAAE,IAAI,EAAE,MAAM,CAAC;aAChD,QAAQ,EAAE;aACV,KAAK,CAAC,GAAG,CAAC;aACV,GAAG,EAAE,CAAC;QAER,IAAI,CAAC,UAAU,EAAE,CAAC;YACjB,MAAM,IAAI,KAAK,CAAC,2BAA2B,CAAC,CAAC;QAC9C,CAAC;QAED,MAAM,KAAK,GAAG,CAAC,CAAC;QAChB,MAAM,CAAC,KAAK,EAAE,MAAM,CAAC,GAAG,UAAU,CAAC,KAAK,CAAC,GAAG,CAAC,CAAC,GAAG,CAAC,MAAM,CAAC,CAAC;QAC1D,OAAO,EAAE,KAAK,EAAE,MAAM,EAAE,KAAK,EAAE,CAAC;IACjC,CAAC;IAEM,KAAK,CAAC,QAAQ;QACpB,uDAAuD;QACvD,OAAO,IAAI,CAAC,GAAG,CAAC,OAAO,EAAE,KAAK,EAAE,SAAS,EAAE,kBAAkB,EAAE,IAAI,EAAE,4BAA4B,EAAE,IAAI,EAAE,kCAAkC,CAAC;aAC1I,QAAQ,EAAE;aACV,KAAK,CAAC,IAAI,CAAC;aACX,GAAG,CAAC,IAAI,CAAC,EAAE,CAAC,IAAI,CAAC,IAAI,EAAE,CAAC;aACxB,MAAM,CAAC,IAAI,CAAC,EAAE,CAAC,IAAI,CAAC,UAAU,CAAC,cAAc,CAAC,CAAC;aAC/C,GAAG,CAAC,IAAI,CAAC,EAAE,CAAC,IAAI,CAAC,SAAS,CAAC,cAAc,CAAC,MAAM,CAAC,CAAC;aAClD,MAAM,CAAC,CAAC,KAAK,EAAE,KAAK,EAAE,IAAI,EAAE,EAAE,CAAC,IAAI,CAAC,OAAO,CAAC,KAAK,CAAC,KAAK,KAAK,CAAC;aAC7D,GAAG,CAAC,WAAW,CAAC,EAAE,CAAC,CAAC;YACpB,WAAW;YACX,OAAO,EAAE,WAAW;SACpB,CAAC,CAAC,CAAC;IACN,CAAC;IAEO,KAAK,CAAC,YAAY;QACzB,OAAO,IAAI,CAAC,GAAG,CAAC,OAAO,EAAE,IAAI,EAAE,MAAM,EAAE,UAAU,CAAC;aAChD,QAAQ,EAAE;aACV,KAAK,CAAC,IAAI,CAAC;aACX,GAAG,CAAC,IAAI,CAAC,EAAE,CAAC,IAAI,CAAC,IAAI,EAAE,CAAC;aACxB,MAAM,CAAC,IAAI,CAAC,EAAE,CAAC,IAAI,CAAC,UAAU,CAAC,UAAU,CAAC,CAAC;aAC3C,GAAG,CAAC,IAAI,CAAC,EAAE,CAAC,IAAI,CAAC,SAAS,CAAC,UAAU,CAAC,MAAM,CAAC,CAAC,CAAC;IAClD,CAAC;IAEM,KAAK,CAAC,SAAS,CAAC,WAAmB;QACzC,IAAI,CAAC,GAAG,CAAC,OAAO,EAAE,QAAQ,EAAE,IAAI,EAAE,WAAW,EAAE,IAAI,EAAE,kCAAkC,EAAE,GAAG,CAAC,CAAC;IAC/F,CAAC;IAEM,KAAK,CAAC,oBAAoB;QAChC,OAAO,IAAI,CAAC,GAAG,CAAC,OAAO,EAAE,IAAI,EAAE,IAAI,CAAC;aAClC,QAAQ,EAAE;aACV,KAAK,CAAC,IAAI,CAAC;aACX,GAAG,CAAC,IAAI,CAAC,EAAE,CAAC,IAAI,CAAC,IAAI,EAAE,CAAC;aACxB,MAAM,CAAC,IAAI,CAAC,EAAE,CAAC,IAAI,CAAC,UAAU,CAAC,GAAG,CAAC,CAAC,CAAC,uBAAuB;aAC5D,GAAG,CAAC,IAAI,CAAC,EAAE,CAAC,IAAI,CAAC,KAAK,CAAC,KAAK,CAAC,CAAC,CAAC,CAAC,CAAC,CAAC,CAAC,mBAAmB;IACzD,CAAC;IAEM,KAAK,CAAC,KAAK,CAAC,SAAyB;QAC3C,MAAM,UAAU,GAAG,MAAM,IAAI,CAAC,aAAa,EAAE,CAAC;QAC9C,MAAM,OAAO,GAAG,UAAU,CAAC,KAAK,IAAI,CAAC,CAAC;QAEtC,IAAI,EAAU,EAAE,EAAU,EAAE,EAAU,EAAE,EAAU,CAAC;QAEnD,QAAQ,SAAS,EAAE,CAAC;YACnB,KAAK,IAAI;gBACR,EAAE,GAAG,EAAE,GAAG,OAAO,CAAC;gBAClB,EAAE,GAAG,IAAI,CAAC,KAAK,CAAC,UAAU,CAAC,MAAM,GAAG,IAAI,CAAC,CAAC;gBAC1C,EAAE,GAAG,IAAI,CAAC,KAAK,CAAC,UAAU,CAAC,MAAM,GAAG,IAAI,CAAC,CAAC;gBAC1C,MAAM;YACP,KAAK,MAAM;gBACV,EAAE,GAAG,EAAE,GAAG,OAAO,CAAC;gBAClB,EAAE,GAAG,IAAI,CAAC,KAAK,CAAC,UAAU,CAAC,MAAM,GAAG,IAAI,CAAC,CAAC;gBAC1C,EAAE,GAAG,IAAI,CAAC,KAAK,CAAC,UAAU,CAAC,MAAM,GAAG,IAAI,CAAC,CAAC;gBAC1C,MAAM;YACP,KAAK,MAAM;gBACV,EAAE,GAAG,IAAI,CAAC,KAAK,CAAC,UAAU,CAAC,KAAK,GAAG,IAAI,CAAC,CAAC;gBACzC,EAAE,GAAG,IAAI,CAAC,KAAK,CAAC,UAAU,CAAC,KAAK,GAAG,IAAI,CAAC,CAAC;gBACzC,EAAE,GAAG,EAAE,GAAG,IAAI,CAAC,KAAK,CAAC,UAAU,CAAC,MAAM,GAAG,IAAI,CAAC,CAAC;gBAC/C,MAAM;YACP,KAAK,OAAO;gBACX,EAAE,GAAG,IAAI,CAAC,KAAK,CAAC,UAAU,CAAC,KAAK,GAAG,IAAI,CAAC,CAAC;gBACzC,EAAE,GAAG,IAAI,CAAC,KAAK,CAAC,UAAU,CAAC,KAAK,GAAG,IAAI,CAAC,CAAC;gBACzC,EAAE,GAAG,EAAE,GAAG,IAAI,CAAC,KAAK,CAAC,UAAU,CAAC,MAAM,GAAG,IAAI,CAAC,CAAC;gBAC/C,MAAM;YACP;gBACC,MAAM,IAAI,uBAAe,CAAC,oBAAoB,SAAS,oBAAoB,CAAC,CAAC;QAC/E,CAAC;QAED,IAAI,CAAC,GAAG,CAAC,OAAO,EAAE,OAAO,EAAE,OAAO,EAAE,GAAG,EAAE,EAAE,EAAE,GAAG,EAAE,EAAE,EAAE,GAAG,EAAE,EAAE,EAAE,GAAG,EAAE,EAAE,EAAE,MAAM,CAAC,CAAC;IACjF,CAAC;IAEM,KAAK,CAAC,mBAAmB,CAAC,CAAS,EAAE,CAAS,EAAE,SAAyB,EAAE,QAAiB;QAClG,MAAM,UAAU,GAAG,MAAM,IAAI,CAAC,aAAa,EAAE,CAAC;QAE9C,IAAI,EAAU,EAAE,EAAU,EAAE,EAAU,EAAE,EAAU,CAAC;QAEnD,8DAA8D;QAC9D,MAAM,gBAAgB,GAAG,IAAI,CAAC,KAAK,CAAC,UAAU,CAAC,MAAM,GAAG,GAAG,CAAC,CAAC;QAC7D,MAAM,gBAAgB,GAAG,IAAI,CAAC,KAAK,CAAC,UAAU,CAAC,KAAK,GAAG,GAAG,CAAC,CAAC;QAC5D,MAAM,cAAc,GAAG,QAAQ,IAAI,gBAAgB,CAAC;QACpD,MAAM,cAAc,GAAG,QAAQ,IAAI,gBAAgB,CAAC;QAEpD,QAAQ,SAAS,EAAE,CAAC;YACnB,KAAK,IAAI;gBACR,EAAE,GAAG,EAAE,GAAG,CAAC,CAAC;gBACZ,EAAE,GAAG,CAAC,CAAC;gBACP,EAAE,GAAG,IAAI,CAAC,GAAG,CAAC,CAAC,EAAE,CAAC,GAAG,cAAc,CAAC,CAAC;gBACrC,MAAM;YACP,KAAK,MAAM;gBACV,EAAE,GAAG,EAAE,GAAG,CAAC,CAAC;gBACZ,EAAE,GAAG,CAAC,CAAC;gBACP,EAAE,GAAG,IAAI,CAAC,GAAG,CAAC,UAAU,CAAC,MAAM,EAAE,CAAC,GAAG,cAAc,CAAC,CAAC;gBACrD,MAAM;YACP,KAAK,MAAM;gBACV,EAAE,GAAG,CAAC,CAAC;gBACP,EAAE,GAAG,IAAI,CAAC,GAAG,CAAC,CAAC,EAAE,CAAC,GAAG,cAAc,CAAC,CAAC;gBACrC,EAAE,GAAG,EAAE,GAAG,CAAC,CAAC;gBACZ,MAAM;YACP,KAAK,OAAO;gBACX,EAAE,GAAG,CAAC,CAAC;gBACP,EAAE,GAAG,IAAI,CAAC,GAAG,CAAC,UAAU,CAAC,KAAK,EAAE,CAAC,GAAG,cAAc,CAAC,CAAC;gBACpD,EAAE,GAAG,EAAE,GAAG,CAAC,CAAC;gBACZ,MAAM;YACP;gBACC,MAAM,IAAI,uBAAe,CAAC,oBAAoB,SAAS,oBAAoB,CAAC,CAAC;QAC/E,CAAC;QAED,IAAI,CAAC,GAAG,CAAC,OAAO,EAAE,OAAO,EAAE,OAAO,EAAE,GAAG,EAAE,EAAE,EAAE,GAAG,EAAE,EAAE,EAAE,GAAG,EAAE,EAAE,EAAE,GAAG,EAAE,EAAE,EAAE,MAAM,CAAC,CAAC;IACjF,CAAC;IAEM,KAAK,CAAC,aAAa;QACzB,OAAO,IAAI,CAAC,GAAG,CAAC,UAAU,EAAE,WAAW,EAAE,IAAI,CAAC,CAAC;IAChD,CAAC;IAEO,eAAe,CAAC,IAAwB;QAC/C,MAAM,QAAQ,GAAyB,EAAE,CAAC;QAE1C,IAAI,IAAI,CAAC,IAAI,EAAE,CAAC;YACf,IAAI,KAAK,CAAC,OAAO,CAAC,IAAI,CAAC,IAAI,CAAC,EAAE,CAAC;gBAC9B,KAAK,MAAM,SAAS,IAAI,IAAI,CAAC,IAAI,EAAE,CAAC;oBACnC,QAAQ,CAAC,IAAI,CAAC,GAAG,IAAI,CAAC,eAAe,CAAC,SAAS,CAAC,CAAC,CAAC;gBACnD,CAAC;YACF,CAAC;iBAAM,CAAC;gBACP,QAAQ,CAAC,IAAI,CAAC,GAAG,IAAI,CAAC,eAAe,CAAC,IAAI,CAAC,IAAI,CAAC,CAAC,CAAC;YACnD,CAAC;QACF,CAAC;QAED,IAAI,IAAI,CAAC,IAAI,IAAI,IAAI,CAAC,cAAc,CAAC,IAAI,IAAI,CAAC,IAAI,EAAE,CAAC;YACpD,MAAM,OAAO,GAAkB;gBAC9B,IAAI,EAAE,IAAI,CAAC,KAAK,IAAI,MAAM;gBAC1B,IAAI,EAAE,IAAI,CAAC,IAAI;gBACf,KAAK,EAAE,IAAI,CAAC,cAAc,CAAC,IAAI,IAAI,CAAC,IAAI,IAAI,EAAE;gBAC9C,IAAI,EAAE,IAAI,CAAC,oBAAoB,CAAC,IAAI,CAAC;aACrC,CAAC;YAEF,IAAI,IAAI,CAAC,OAAO,KAAK,MAAM,EAAE,CAAC;gBAC7B,4DAA4D;gBAC5D,OAAO,CAAC,OAAO,GAAG,IAAI,CAAC;YACxB,CAAC;YAED,MAAM,UAAU,GAAG,IAAI,CAAC,aAAa,CAAC,CAAC;YACvC,IAAI,UAAU,KAAK,IAAI,IAAI,UAAU,KAAK,EAAE,EAAE,CAAC;gBAC9C,OAAO,CAAC,UAAU,GAAG,UAAU,CAAC;YACjC,CAAC;YAED,IAAI,OAAO,CAAC,IAAI,CAAC,KAAK,GAAG,CAAC,IAAI,OAAO,CAAC,IAAI,CAAC,MAAM,GAAG,CAAC,EAAE,CAAC;gBACvD,QAAQ,CAAC,IAAI,CAAC,OAAO,CAAC,CAAC;YACxB,CAAC;QACF,CAAC;QAED,OAAO,QAAQ,CAAC;IACjB,CAAC;IAEM,KAAK,CAAC,mBAAmB;QAC/B,MAAM,SAAS,GAAG,MAAM,IAAI,CAAC,iBAAiB,EAAE,CAAC;QACjD,MAAM,SAAS,GAAG,SAAS,CAAC,SAAS,CAAC;QACtC,MAAM,QAAQ,GAAG,IAAI,CAAC,eAAe,CAAC,SAAS,CAAC,IAAI,CAAC,CAAC;QACtD,OAAO,QAAQ,CAAC;IACjB,CAAC;IAEM,KAAK,CAAC,YAAY,CAAC,WAAmB;QAC5C,IAAI,CAAC,GAAG,CAAC,OAAO,EAAE,IAAI,EAAE,YAAY,EAAE,WAAW,CAAC,CAAC;IACpD,CAAC;IAEM,KAAK,CAAC,OAAO,CAAC,GAAW;QAC/B,IAAI,CAAC,GAAG,CAAC,OAAO,EAAE,IAAI,EAAE,OAAO,EAAE,IAAI,EAAE,4BAA4B,EAAE,IAAI,EAAE,GAAG,CAAC,CAAC;IACjF,CAAC;IAEO,OAAO,CAAC,IAAY;QAC3B,OAAO,gBAAgB,CAAC,IAAI,CAAC,IAAI,CAAC,CAAC;IACpC,CAAC;IAEO,KAAK,CAAC,oBAAoB;QACjC,MAAM,QAAQ,GAAG,MAAM,IAAI,CAAC,YAAY,EAAE,CAAC;QAC3C,OAAO,QAAQ,CAAC,QAAQ,CAAC,0BAA0B,CAAC,CAAC;IACtD,CAAC;IAEM,KAAK,CAAC,QAAQ,CAAC,IAAY;QACjC,IAAI,IAAI,KAAK,EAAE,EAAE,CAAC;YACjB,8DAA8D;YAC9D,uDAAuD;YACvD,OAAO;QACR,CAAC;QAED,IAAI,IAAI,CAAC,OAAO,CAAC,IAAI,CAAC,EAAE,CAAC;YACxB,sDAAsD;YACtD,uCAAuC;YACvC,MAAM,KAAK,GAAG,IAAI,CAAC,OAAO,CAAC,IAAI,EAAE,KAAK,CAAC,CAAC;YACxC,IAAI,CAAC,GAAG,CAAC,OAAO,EAAE,OAAO,EAAE,MAAM,EAAE,KAAK,CAAC,CAAC;QAC3C,CAAC;aAAM,IAAI,MAAM,IAAI,CAAC,oBAAoB,EAAE,EAAE,CAAC;YAC9C,6BAA6B;YAC7B,MAAM,MAAM,GAAG,MAAM,CAAC,IAAI,CAAC,IAAI,CAAC,CAAC,QAAQ,CAAC,QAAQ,CAAC,CAAC;YAEpD,+CAA+C;YAC/C,IAAI,CAAC,GAAG,CAAC,OAAO,EAAE,IAAI,EAAE,WAAW,EAAE,IAAI,EAAE,yBAAyB,EAAE,IAAI,EAAE,UAAU,EAAE,QAAQ,EAAE,IAAI,EAAE,MAAM,EAAE,MAAM,EAAE,IAAI,EAAE,sDAAsD,CAAC,CAAC;YACtL,IAAI,CAAC,GAAG,CAAC,OAAO,EAAE,OAAO,EAAE,UAAU,EAAE,eAAe,CAAC,CAAC;YAExD,kCAAkC;YAClC,IAAI,CAAC,GAAG,CAAC,OAAO,EAAE,IAAI,EAAE,WAAW,EAAE,IAAI,EAAE,2BAA2B,EAAE,IAAI,EAAE,sDAAsD,CAAC,CAAC;QACvI,CAAC;aAAM,CAAC;YACP,MAAM,IAAI,uBAAe,CAAC,uIAAuI,CAAC,CAAC;QACpK,CAAC;IACF,CAAC;IAEM,KAAK,CAAC,WAAW,CAAC,MAAc;QACtC,IAAI,CAAC,UAAU,CAAC,MAAM,CAAC,EAAE,CAAC;YACzB,MAAM,IAAI,uBAAe,CAAC,WAAW,MAAM,oBAAoB,CAAC,CAAC;QAClE,CAAC;QAED,IAAI,CAAC,GAAG,CAAC,OAAO,EAAE,OAAO,EAAE,UAAU,EAAE,UAAU,CAAC,MAAM,CAAC,CAAC,CAAC;IAC5D,CAAC;IAEM,KAAK,CAAC,GAAG,CAAC,CAAS,EAAE,CAAS;QACpC,IAAI,CAAC,GAAG,CAAC,OAAO,EAAE,OAAO,EAAE,KAAK,EAAE,GAAG,CAAC,EAAE,EAAE,GAAG,CAAC,EAAE,CAAC,CAAC;IACnD,CAAC;IAEM,KAAK,CAAC,cAAc,CAAC,WAAwB;QACnD,MAAM,gBAAgB,GAAG,WAAW,KAAK,UAAU,CAAC,CAAC,CAAC,CAAC,CAAC,CAAC,CAAC,CAAC,CAAC;QAE5D,yDAAyD;QACzD,IAAI,CAAC,GAAG,CAAC,OAAO,EAAE,UAAU,EAAE,KAAK,EAAE,QAAQ,EAAE,wBAAwB,EAAE,GAAG,CAAC,CAAC;QAC9E,IAAI,CAAC,GAAG,CAAC,OAAO,EAAE,SAAS,EAAE,QAAQ,EAAE,OAAO,EAAE,2BAA2B,EAAE,QAAQ,EAAE,sBAAsB,EAAE,QAAQ,EAAE,WAAW,gBAAgB,EAAE,CAAC,CAAC;IACzJ,CAAC;IAEM,KAAK,CAAC,cAAc;QAC1B,MAAM,QAAQ,GAAG,IAAI,CAAC,GAAG,CAAC,OAAO,EAAE,UAAU,EAAE,KAAK,EAAE,QAAQ,EAAE,eAAe,CAAC,CAAC,QAAQ,EAAE,CAAC,IAAI,EAAE,CAAC;QACnG,OAAO,QAAQ,KAAK,GAAG,CAAC,CAAC,CAAC,UAAU,CAAC,CAAC,CAAC,WAAW,CAAC;IACpD,CAAC;IAEO,KAAK,CAAC,kBAAkB;QAC/B,KAAK,IAAI,KAAK,GAAG,CAAC,EAAE,KAAK,GAAG,EAAE,EAAE,KAAK,EAAE,EAAE,CAAC;YACzC,MAAM,IAAI,GAAG,IAAI,CAAC,GAAG,CAAC,UAAU,EAAE,aAAa,EAAE,MAAM,EAAE,UAAU,CAAC,CAAC,QAAQ,EAAE,CAAC;YAChF,8EAA8E;YAC9E,IAAI,IAAI,CAAC,QAAQ,CAAC,mDAAmD,CAAC,EAAE,CAAC;gBACxE,0BAA0B;gBAC1B,iDAAiD;gBACjD,yGAAyG;gBACzG,SAAS;YACV,CAAC;YAED,OAAO,IAAI,CAAC,SAAS,CAAC,IAAI,CAAC,OAAO,CAAC,OAAO,CAAC,CAAC,CAAC;QAC9C,CAAC;QAED,MAAM,IAAI,uBAAe,CAAC,+BAA+B,CAAC,CAAC;IAC5D,CAAC;IAEO,KAAK,CAAC,iBAAiB;QAC9B,MAAM,IAAI,GAAG,MAAM,IAAI,CAAC,kBAAkB,EAAE,CAAC;QAC7C,MAAM,MAAM,GAAG,IAAI,GAAG,CAAC,SAAS,CAAC;YAChC,gBAAgB,EAAE,KAAK;YACvB,mBAAmB,EAAE,EAAE;SACvB,CAAC,CAAC;QAEH,OAAO,MAAM,CAAC,KAAK,CAAC,IAAI,CAAmB,CAAC;IAC7C,CAAC;IAEO,oBAAoB,CAAC,IAAwB;QACpD,MAAM,MAAM,GAAG,MAAM,CAAC,IAAI,CAAC,MAAM,CAAC,CAAC;QAEnC,MAAM,CAAC,EAAE,IAAI,EAAE,GAAG,EAAE,KAAK,EAAE,MAAM,CAAC,GAAG,MAAM,CAAC,KAAK,CAAC,kCAAkC,CAAC,EAAE,GAAG,CAAC,MAAM,CAAC,IAAI,EAAE,CAAC;QACzG,OAAO;YACN,CAAC,EAAE,IAAI;YACP,CAAC,EAAE,GAAG;YACN,KAAK,EAAE,KAAK,GAAG,IAAI;YACnB,MAAM,EAAE,MAAM,GAAG,GAAG;SACpB,CAAC;IACH,CAAC;CACD;AA/SD,oCA+SC;AAED,MAAa,oBAAoB;IAExB,aAAa,CAAC,IAAY;QACjC,MAAM,MAAM,GAAG,IAAI,YAAY,CAAC,IAAI,CAAC,CAAC;QACtC,MAAM,QAAQ,GAAG,MAAM,CAAC,iBAAiB,EAAE,CAAC;QAC5C,IAAI,QAAQ,CAAC,QAAQ,CAAC,2BAA2B,CAAC,IAAI,QAAQ,CAAC,QAAQ,CAAC,kCAAkC,CAAC,EAAE,CAAC;YAC7G,OAAO,IAAI,CAAC;QACb,CAAC;QAED,OAAO,QAAQ,CAAC;IACjB,CAAC;IAEM,mBAAmB;QACzB,IAAI,CAAC;YACJ,MAAM,KAAK,GAAG,IAAA,iCAAY,EAAC,UAAU,EAAE,EAAE,CAAC,SAAS,CAAC,CAAC;iBACnD,QAAQ,EAAE;iBACV,KAAK,CAAC,IAAI,CAAC;iBACX,GAAG,CAAC,IAAI,CAAC,EAAE,CAAC,IAAI,CAAC,IAAI,EAAE,CAAC;iBACxB,MAAM,CAAC,IAAI,CAAC,EAAE,CAAC,IAAI,KAAK,EAAE,CAAC;iBAC3B,MAAM,CAAC,IAAI,CAAC,EAAE,CAAC,CAAC,IAAI,CAAC,UAAU,CAAC,0BAA0B,CAAC,CAAC;iBAC5D,GAAG,CAAC,IAAI,CAAC,EAAE,CAAC,IAAI,CAAC,KAAK,CAAC,IAAI,CAAC,CAAC,CAAC,CAAC,CAAC,CAAC;YAEnC,OAAO,KAAK,CAAC,GAAG,CAAC,IAAI,CAAC,EAAE,CAAC,CAAC;gBACzB,QAAQ,EAAE,IAAI;gBACd,UAAU,EAAE,IAAI,CAAC,aAAa,CAAC,IAAI,CAAC;aACpC,CAAC,CAAC,CAAC;QACL,CAAC;QAAC,OAAO,KAAK,EAAE,CAAC;YAChB,OAAO,CAAC,KAAK,CAAC,+DAA+D,CAAC,CAAC;YAC/E,OAAO,EAAE,CAAC;QACX,CAAC;IACF,CAAC;CACD;AA/BD,oDA+BC","sourcesContent":["import path from \"node:path\";\nimport { execFileSync } from \"node:child_process\";\n\nimport * as xml from \"fast-xml-parser\";\n\nimport { ActionableError, Button, InstalledApp, Robot, ScreenElement, ScreenElementRect, ScreenSize, SwipeDirection, Orientation } from \"./robot\";\n\nexport interface AndroidDevice {\n\tdeviceId: string;\n\tdeviceType: \"tv\" | \"mobile\";\n}\n\ninterface UiAutomatorXmlNode {\n\tnode: UiAutomatorXmlNode[];\n\tclass?: string;\n\ttext?: string;\n\tbounds?: string;\n\thint?: string;\n\tfocused?: string;\n\t\"content-desc\"?: string;\n\t\"resource-id\"?: string;\n}\n\ninterface UiAutomatorXml {\n\thierarchy: {\n\t\tnode: UiAutomatorXmlNode;\n\t};\n}\n\nconst getAdbPath = (): string => {\n\tlet executable = \"adb\";\n\tif (process.env.ANDROID_HOME) {\n\t\texecutable = path.join(process.env.ANDROID_HOME, \"platform-tools\", \"adb\");\n\t}\n\n\treturn executable;\n};\n\nconst BUTTON_MAP: Record<Button, string> = {\n\t\"BACK\": \"KEYCODE_BACK\",\n\t\"HOME\": \"KEYCODE_HOME\",\n\t\"VOLUME_UP\": \"KEYCODE_VOLUME_UP\",\n\t\"VOLUME_DOWN\": \"KEYCODE_VOLUME_DOWN\",\n\t\"ENTER\": \"KEYCODE_ENTER\",\n\t\"DPAD_CENTER\": \"KEYCODE_DPAD_CENTER\",\n\t\"DPAD_UP\": \"KEYCODE_DPAD_UP\",\n\t\"DPAD_DOWN\": \"KEYCODE_DPAD_DOWN\",\n\t\"DPAD_LEFT\": \"KEYCODE_DPAD_LEFT\",\n\t\"DPAD_RIGHT\": \"KEYCODE_DPAD_RIGHT\",\n};\n\nconst TIMEOUT = 30000;\nconst MAX_BUFFER_SIZE = 1024 * 1024 * 4;\n\ntype AndroidDeviceType = \"tv\" | \"mobile\";\n\nexport class AndroidRobot implements Robot {\n\n\tpublic constructor(private deviceId: string) {\n\t}\n\n\tpublic adb(...args: string[]): Buffer {\n\t\treturn execFileSync(getAdbPath(), [\"-s\", this.deviceId, ...args], {\n\t\t\tmaxBuffer: MAX_BUFFER_SIZE,\n\t\t\ttimeout: TIMEOUT,\n\t\t});\n\t}\n\n\tpublic getSystemFeatures(): string[] {\n\t\treturn this.adb(\"shell\", \"pm\", \"list\", \"features\")\n\t\t\t.toString()\n\t\t\t.split(\"\\n\")\n\t\t\t.map(line => line.trim())\n\t\t\t.filter(line => line.startsWith(\"feature:\"))\n\t\t\t.map(line => line.substring(\"feature:\".length));\n\t}\n\n\tpublic async getScreenSize(): Promise<ScreenSize> {\n\t\tconst screenSize = this.adb(\"shell\", \"wm\", \"size\")\n\t\t\t.toString()\n\t\t\t.split(\" \")\n\t\t\t.pop();\n\n\t\tif (!screenSize) {\n\t\t\tthrow new Error(\"Failed to get screen size\");\n\t\t}\n\n\t\tconst scale = 1;\n\t\tconst [width, height] = screenSize.split(\"x\").map(Number);\n\t\treturn { width, height, scale };\n\t}\n\n\tpublic async listApps(): Promise<InstalledApp[]> {\n\t\t// only apps that have a launcher activity are returned\n\t\treturn this.adb(\"shell\", \"cmd\", \"package\", \"query-activities\", \"-a\", \"android.intent.action.MAIN\", \"-c\", \"android.intent.category.LAUNCHER\")\n\t\t\t.toString()\n\t\t\t.split(\"\\n\")\n\t\t\t.map(line => line.trim())\n\t\t\t.filter(line => line.startsWith(\"packageName=\"))\n\t\t\t.map(line => line.substring(\"packageName=\".length))\n\t\t\t.filter((value, index, self) => self.indexOf(value) === index)\n\t\t\t.map(packageName => ({\n\t\t\t\tpackageName,\n\t\t\t\tappName: packageName,\n\t\t\t}));\n\t}\n\n\tprivate async listPackages(): Promise<string[]> {\n\t\treturn this.adb(\"shell\", \"pm\", \"list\", \"packages\")\n\t\t\t.toString()\n\t\t\t.split(\"\\n\")\n\t\t\t.map(line => line.trim())\n\t\t\t.filter(line => line.startsWith(\"package:\"))\n\t\t\t.map(line => line.substring(\"package:\".length));\n\t}\n\n\tpublic async launchApp(packageName: string): Promise<void> {\n\t\tthis.adb(\"shell\", \"monkey\", \"-p\", packageName, \"-c\", \"android.intent.category.LAUNCHER\", \"1\");\n\t}\n\n\tpublic async listRunningProcesses(): Promise<string[]> {\n\t\treturn this.adb(\"shell\", \"ps\", \"-e\")\n\t\t\t.toString()\n\t\t\t.split(\"\\n\")\n\t\t\t.map(line => line.trim())\n\t\t\t.filter(line => line.startsWith(\"u\")) // non-system processes\n\t\t\t.map(line => line.split(/\\s+/)[8]); // get process name\n\t}\n\n\tpublic async swipe(direction: SwipeDirection): Promise<void> {\n\t\tconst screenSize = await this.getScreenSize();\n\t\tconst centerX = screenSize.width >> 1;\n\n\t\tlet x0: number, y0: number, x1: number, y1: number;\n\n\t\tswitch (direction) {\n\t\t\tcase \"up\":\n\t\t\t\tx0 = x1 = centerX;\n\t\t\t\ty0 = Math.floor(screenSize.height * 0.80);\n\t\t\t\ty1 = Math.floor(screenSize.height * 0.20);\n\t\t\t\tbreak;\n\t\t\tcase \"down\":\n\t\t\t\tx0 = x1 = centerX;\n\t\t\t\ty0 = Math.floor(screenSize.height * 0.20);\n\t\t\t\ty1 = Math.floor(screenSize.height * 0.80);\n\t\t\t\tbreak;\n\t\t\tcase \"left\":\n\t\t\t\tx0 = Math.floor(screenSize.width * 0.80);\n\t\t\t\tx1 = Math.floor(screenSize.width * 0.20);\n\t\t\t\ty0 = y1 = Math.floor(screenSize.height * 0.50);\n\t\t\t\tbreak;\n\t\t\tcase \"right\":\n\t\t\t\tx0 = Math.floor(screenSize.width * 0.20);\n\t\t\t\tx1 = Math.floor(screenSize.width * 0.80);\n\t\t\t\ty0 = y1 = Math.floor(screenSize.height * 0.50);\n\t\t\t\tbreak;\n\t\t\tdefault:\n\t\t\t\tthrow new ActionableError(`Swipe direction \"${direction}\" is not supported`);\n\t\t}\n\n\t\tthis.adb(\"shell\", \"input\", \"swipe\", `${x0}`, `${y0}`, `${x1}`, `${y1}`, \"1000\");\n\t}\n\n\tpublic async swipeFromCoordinate(x: number, y: number, direction: SwipeDirection, distance?: number): Promise<void> {\n\t\tconst screenSize = await this.getScreenSize();\n\n\t\tlet x0: number, y0: number, x1: number, y1: number;\n\n\t\t// Use provided distance or default to 30% of screen dimension\n\t\tconst defaultDistanceY = Math.floor(screenSize.height * 0.3);\n\t\tconst defaultDistanceX = Math.floor(screenSize.width * 0.3);\n\t\tconst swipeDistanceY = distance || defaultDistanceY;\n\t\tconst swipeDistanceX = distance || defaultDistanceX;\n\n\t\tswitch (direction) {\n\t\t\tcase \"up\":\n\t\t\t\tx0 = x1 = x;\n\t\t\t\ty0 = y;\n\t\t\t\ty1 = Math.max(0, y - swipeDistanceY);\n\t\t\t\tbreak;\n\t\t\tcase \"down\":\n\t\t\t\tx0 = x1 = x;\n\t\t\t\ty0 = y;\n\t\t\t\ty1 = Math.min(screenSize.height, y + swipeDistanceY);\n\t\t\t\tbreak;\n\t\t\tcase \"left\":\n\t\t\t\tx0 = x;\n\t\t\t\tx1 = Math.max(0, x - swipeDistanceX);\n\t\t\t\ty0 = y1 = y;\n\t\t\t\tbreak;\n\t\t\tcase \"right\":\n\t\t\t\tx0 = x;\n\t\t\t\tx1 = Math.min(screenSize.width, x + swipeDistanceX);\n\t\t\t\ty0 = y1 = y;\n\t\t\t\tbreak;\n\t\t\tdefault:\n\t\t\t\tthrow new ActionableError(`Swipe direction \"${direction}\" is not supported`);\n\t\t}\n\n\t\tthis.adb(\"shell\", \"input\", \"swipe\", `${x0}`, `${y0}`, `${x1}`, `${y1}`, \"1000\");\n\t}\n\n\tpublic async getScreenshot(): Promise<Buffer> {\n\t\treturn this.adb(\"exec-out\", \"screencap\", \"-p\");\n\t}\n\n\tprivate collectElements(node: UiAutomatorXmlNode): ScreenElement[] {\n\t\tconst elements: Array<ScreenElement> = [];\n\n\t\tif (node.node) {\n\t\t\tif (Array.isArray(node.node)) {\n\t\t\t\tfor (const childNode of node.node) {\n\t\t\t\t\telements.push(...this.collectElements(childNode));\n\t\t\t\t}\n\t\t\t} else {\n\t\t\t\telements.push(...this.collectElements(node.node));\n\t\t\t}\n\t\t}\n\n\t\tif (node.text || node[\"content-desc\"] || node.hint) {\n\t\t\tconst element: ScreenElement = {\n\t\t\t\ttype: node.class || \"text\",\n\t\t\t\ttext: node.text,\n\t\t\t\tlabel: node[\"content-desc\"] || node.hint || \"\",\n\t\t\t\trect: this.getScreenElementRect(node),\n\t\t\t};\n\n\t\t\tif (node.focused === \"true\") {\n\t\t\t\t// only provide it if it's true, otherwise don't confuse llm\n\t\t\t\telement.focused = true;\n\t\t\t}\n\n\t\t\tconst resourceId = node[\"resource-id\"];\n\t\t\tif (resourceId !== null && resourceId !== \"\") {\n\t\t\t\telement.identifier = resourceId;\n\t\t\t}\n\n\t\t\tif (element.rect.width > 0 && element.rect.height > 0) {\n\t\t\t\telements.push(element);\n\t\t\t}\n\t\t}\n\n\t\treturn elements;\n\t}\n\n\tpublic async getElementsOnScreen(): Promise<ScreenElement[]> {\n\t\tconst parsedXml = await this.getUiAutomatorXml();\n\t\tconst hierarchy = parsedXml.hierarchy;\n\t\tconst elements = this.collectElements(hierarchy.node);\n\t\treturn elements;\n\t}\n\n\tpublic async terminateApp(packageName: string): Promise<void> {\n\t\tthis.adb(\"shell\", \"am\", \"force-stop\", packageName);\n\t}\n\n\tpublic async openUrl(url: string): Promise<void> {\n\t\tthis.adb(\"shell\", \"am\", \"start\", \"-a\", \"android.intent.action.VIEW\", \"-d\", url);\n\t}\n\n\tprivate isAscii(text: string): boolean {\n\t\treturn /^[\\x00-\\x7F]*$/.test(text);\n\t}\n\n\tprivate async isDeviceKitInstalled(): Promise<boolean> {\n\t\tconst packages = await this.listPackages();\n\t\treturn packages.includes(\"com.mobilenext.devicekit\");\n\t}\n\n\tpublic async sendKeys(text: string): Promise<void> {\n\t\tif (text === \"\") {\n\t\t\t// bailing early, so we don't run adb shell with empty string.\n\t\t\t// this happens when you prompt with a simple \"submit\".\n\t\t\treturn;\n\t\t}\n\n\t\tif (this.isAscii(text)) {\n\t\t\t// adb shell input only supports ascii characters. and\n\t\t\t// some of the keys have to be escaped.\n\t\t\tconst _text = text.replace(/ /g, \"\\\\ \");\n\t\t\tthis.adb(\"shell\", \"input\", \"text\", _text);\n\t\t} else if (await this.isDeviceKitInstalled()) {\n\t\t\t// try sending over clipboard\n\t\t\tconst base64 = Buffer.from(text).toString(\"base64\");\n\n\t\t\t// send clipboard over and immediately paste it\n\t\t\tthis.adb(\"shell\", \"am\", \"broadcast\", \"-a\", \"devicekit.clipboard.set\", \"-e\", \"encoding\", \"base64\", \"-e\", \"text\", base64, \"-n\", \"com.mobilenext.devicekit/.ClipboardBroadcastReceiver\");\n\t\t\tthis.adb(\"shell\", \"input\", \"keyevent\", \"KEYCODE_PASTE\");\n\n\t\t\t// clear clipboard when we're done\n\t\t\tthis.adb(\"shell\", \"am\", \"broadcast\", \"-a\", \"devicekit.clipboard.clear\", \"-n\", \"com.mobilenext.devicekit/.ClipboardBroadcastReceiver\");\n\t\t} else {\n\t\t\tthrow new ActionableError(\"Non-ASCII text is not supported on Android, please install mobilenext devicekit, see https://github.com/mobile-next/devicekit-android\");\n\t\t}\n\t}\n\n\tpublic async pressButton(button: Button) {\n\t\tif (!BUTTON_MAP[button]) {\n\t\t\tthrow new ActionableError(`Button \"${button}\" is not supported`);\n\t\t}\n\n\t\tthis.adb(\"shell\", \"input\", \"keyevent\", BUTTON_MAP[button]);\n\t}\n\n\tpublic async tap(x: number, y: number): Promise<void> {\n\t\tthis.adb(\"shell\", \"input\", \"tap\", `${x}`, `${y}`);\n\t}\n\n\tpublic async setOrientation(orientation: Orientation): Promise<void> {\n\t\tconst orientationValue = orientation === \"portrait\" ? 0 : 1;\n\n\t\t// disable auto-rotation prior to setting the orientation\n\t\tthis.adb(\"shell\", \"settings\", \"put\", \"system\", \"accelerometer_rotation\", \"0\");\n\t\tthis.adb(\"shell\", \"content\", \"insert\", \"--uri\", \"content://settings/system\", \"--bind\", \"name:s:user_rotation\", \"--bind\", `value:i:${orientationValue}`);\n\t}\n\n\tpublic async getOrientation(): Promise<Orientation> {\n\t\tconst rotation = this.adb(\"shell\", \"settings\", \"get\", \"system\", \"user_rotation\").toString().trim();\n\t\treturn rotation === \"0\" ? \"portrait\" : \"landscape\";\n\t}\n\n\tprivate async getUiAutomatorDump(): Promise<string> {\n\t\tfor (let tries = 0; tries < 10; tries++) {\n\t\t\tconst dump = this.adb(\"exec-out\", \"uiautomator\", \"dump\", \"/dev/tty\").toString();\n\t\t\t// note: we're not catching other errors here. maybe we should check for <?xml\n\t\t\tif (dump.includes(\"null root node returned by UiTestAutomationBridge\")) {\n\t\t\t\t// uncomment for debugging\n\t\t\t\t// const screenshot = await this.getScreenshot();\n\t\t\t\t// console.error(\"Failed to get UIAutomator XML. Here's a screenshot: \" + screenshot.toString(\"base64\"));\n\t\t\t\tcontinue;\n\t\t\t}\n\n\t\t\treturn dump.substring(dump.indexOf(\"<?xml\"));\n\t\t}\n\n\t\tthrow new ActionableError(\"Failed to get UIAutomator XML\");\n\t}\n\n\tprivate async getUiAutomatorXml(): Promise<UiAutomatorXml> {\n\t\tconst dump = await this.getUiAutomatorDump();\n\t\tconst parser = new xml.XMLParser({\n\t\t\tignoreAttributes: false,\n\t\t\tattributeNamePrefix: \"\",\n\t\t});\n\n\t\treturn parser.parse(dump) as UiAutomatorXml;\n\t}\n\n\tprivate getScreenElementRect(node: UiAutomatorXmlNode): ScreenElementRect {\n\t\tconst bounds = String(node.bounds);\n\n\t\tconst [, left, top, right, bottom] = bounds.match(/^\\[(\\d+),(\\d+)\\]\\[(\\d+),(\\d+)\\]$/)?.map(Number) || [];\n\t\treturn {\n\t\t\tx: left,\n\t\t\ty: top,\n\t\t\twidth: right - left,\n\t\t\theight: bottom - top,\n\t\t};\n\t}\n}\n\nexport class AndroidDeviceManager {\n\n\tprivate getDeviceType(name: string): AndroidDeviceType {\n\t\tconst device = new AndroidRobot(name);\n\t\tconst features = device.getSystemFeatures();\n\t\tif (features.includes(\"android.software.leanback\") || features.includes(\"android.hardware.type.television\")) {\n\t\t\treturn \"tv\";\n\t\t}\n\n\t\treturn \"mobile\";\n\t}\n\n\tpublic getConnectedDevices(): AndroidDevice[] {\n\t\ttry {\n\t\t\tconst names = execFileSync(getAdbPath(), [\"devices\"])\n\t\t\t\t.toString()\n\t\t\t\t.split(\"\\n\")\n\t\t\t\t.map(line => line.trim())\n\t\t\t\t.filter(line => line !== \"\")\n\t\t\t\t.filter(line => !line.startsWith(\"List of devices attached\"))\n\t\t\t\t.map(line => line.split(\"\\t\")[0]);\n\n\t\t\treturn names.map(name => ({\n\t\t\t\tdeviceId: name,\n\t\t\t\tdeviceType: this.getDeviceType(name),\n\t\t\t}));\n\t\t} catch (error) {\n\t\t\tconsole.error(\"Could not execute adb command, maybe ANDROID_HOME is not set?\");\n\t\t\treturn [];\n\t\t}\n\t}\n}\n"]},"_coverageSchema":"1a1c01bbd47fc00a2c39e90264f33305004495a9","hash":"d59045b0edc721d737294c028d199b8c4bd434cf","contentHash":"f169dbb2aa0a3afcb1f8d00c841ac95184b2e447dece05039d62cf84c6598ef0"},"D:\\Projects\\mobile-mcp-main\\src\\robot.ts":{"path":"D:\\Projects\\mobile-mcp-main\\src\\robot.ts","statementMap":{"0":{"start":{"line":2,"column":0},"end":{"line":2,"column":62}},"1":{"start":{"line":3,"column":0},"end":{"line":3,"column":33}},"2":{"start":{"line":6,"column":8},"end":{"line":6,"column":23}},"3":{"start":{"line":9,"column":0},"end":{"line":9,"column":42}}},"fnMap":{"0":{"name":"(anonymous_0)","decl":{"start":{"line":5,"column":4},"end":{"line":5,"column":5}},"loc":{"start":{"line":5,"column":25},"end":{"line":7,"column":5}},"line":5}},"branchMap":{},"s":{"0":1,"1":1,"2":0,"3":1},"f":{"0":0},"b":{},"inputSourceMap":{"version":3,"file":"D:/Projects/mobile-mcp-main/src/robot.ts","sources":["D:/Projects/mobile-mcp-main/src/robot.ts"],"names":[],"mappings":";;;AAsCA,MAAa,eAAgB,SAAQ,KAAK;IACzC,YAAY,OAAe;QAC1B,KAAK,CAAC,OAAO,CAAC,CAAC;IAChB,CAAC;CACD;AAJD,0CAIC","sourcesContent":["export interface Dimensions {\n\twidth: number;\n\theight: number;\n}\n\nexport interface ScreenSize extends Dimensions {\n\tscale: number;\n}\n\nexport interface InstalledApp {\n\tpackageName: string;\n\tappName: string;\n}\n\nexport type SwipeDirection = \"up\" | \"down\" | \"left\" | \"right\";\n\nexport type Button = \"HOME\" | \"BACK\" | \"VOLUME_UP\" | \"VOLUME_DOWN\" | \"ENTER\" | \"DPAD_CENTER\" | \"DPAD_UP\" | \"DPAD_DOWN\" | \"DPAD_LEFT\" | \"DPAD_RIGHT\";\n\nexport interface ScreenElementRect {\n\tx: number;\n\ty: number;\n\twidth: number;\n\theight: number;\n}\n\nexport interface ScreenElement {\n\ttype: string;\n\tlabel?: string;\n\ttext?: string;\n\tname?: string;\n\tvalue?: string;\n\tidentifier?: string;\n\trect: ScreenElementRect;\n\n\t// currently only on android tv\n\tfocused?: boolean;\n}\n\nexport class ActionableError extends Error {\n\tconstructor(message: string) {\n\t\tsuper(message);\n\t}\n}\n\nexport type Orientation = \"portrait\" | \"landscape\";\n\nexport interface Robot {\n\t/**\n\t * Get the screen size of the device in pixels.\n\t */\n\tgetScreenSize(): Promise<ScreenSize>;\n\n\t/**\n\t * Swipe in a direction.\n\t */\n\tswipe(direction: SwipeDirection): Promise<void>;\n\n\t/**\n\t * Swipe from a specific coordinate in a direction.\n\t */\n\tswipeFromCoordinate(x: number, y: number, direction: SwipeDirection, distance?: number): Promise<void>;\n\n\t/**\n\t * Get a screenshot of the screen. Returns a Buffer that contains\n\t * a PNG image of the screen. Will be same dimensions as getScreenSize().\n\t */\n\tgetScreenshot(): Promise<Buffer>;\n\n\t/**\n\t * List all installed apps on the device. Returns an array of package names (or\n\t * bundle identifiers in iOS) for all installed apps.\n\t */\n\tlistApps(): Promise<InstalledApp[]>;\n\n\t/**\n\t * Launch an app.\n\t */\n\tlaunchApp(packageName: string): Promise<void>;\n\n\t/**\n\t * Terminate an app. If app was already terminated (or non existent) then this\n\t * is a no-op.\n\t */\n\tterminateApp(packageName: string): Promise<void>;\n\n\t/**\n\t * Open a URL in the device's web browser. Can be an https:// url, or a\n\t * custom scheme (e.g. \"myapp://\").\n\t */\n\topenUrl(url: string): Promise<void>;\n\n\t/**\n\t * Send keys to the device, simulating keyboard input.\n\t */\n\tsendKeys(text: string): Promise<void>;\n\n\t/**\n\t * Press a button on the device, simulating a physical button press.\n\t */\n\tpressButton(button: Button): Promise<void>;\n\n\t/**\n\t * Tap on a specific coordinate on the screen.\n\t */\n\ttap(x: number, y: number): Promise<void>;\n\n\t/**\n\t * Get all elements on the screen. Works only on native apps (not webviews). Will\n\t * return a filtered list of elements that make sense to interact with.\n\t */\n\tgetElementsOnScreen(): Promise<ScreenElement[]>;\n\n\t/**\n\t * Change the screen orientation of the device.\n\t * @param orientation The desired orientation (\"portrait\" or \"landscape\")\n\t */\n\tsetOrientation(orientation: Orientation): Promise<void>;\n\n\t/**\n\t * Get the current screen orientation.\n\t */\n\tgetOrientation(): Promise<Orientation>;\n}\n"]},"_coverageSchema":"1a1c01bbd47fc00a2c39e90264f33305004495a9","hash":"cf6b2409e2970e40e6fe4958205948e9b71d55fa","contentHash":"c2e2d6c1b4d99745e497a40b78931337e0a6c93199f44c38ad74c6a0e5f3bfc8"},"D:\\Projects\\mobile-mcp-main\\src\\ios.ts":{"path":"D:\\Projects\\mobile-mcp-main\\src\\ios.ts","statementMap":{"0":{"start":{"line":2,"column":0},"end":{"line":2,"column":62}},"1":{"start":{"line":3,"column":0},"end":{"line":3,"column":47}},"2":{"start":{"line":4,"column":19},"end":{"line":4,"column":38}},"3":{"start":{"line":5,"column":29},"end":{"line":5,"column":58}},"4":{"start":{"line":6,"column":26},"end":{"line":6,"column":54}},"5":{"start":{"line":7,"column":16},"end":{"line":7,"column":34}},"6":{"start":{"line":8,"column":17},"end":{"line":8,"column":21}},"7":{"start":{"line":9,"column":24},"end":{"line":9,"column":29}},"8":{"start":{"line":10,"column":21},"end":{"line":16,"column":1}},"9":{"start":{"line":11,"column":4},"end":{"line":13,"column":5}},"10":{"start":{"line":12,"column":8},"end":{"line":12,"column":39}},"11":{"start":{"line":15,"column":4},"end":{"line":15,"column":17}},"12":{"start":{"line":20,"column":8},"end":{"line":20,"column":33}},"13":{"start":{"line":23,"column":8},"end":{"line":32,"column":11}},"14":{"start":{"line":24,"column":27},"end":{"line":24,"column":50}},"15":{"start":{"line":25,"column":12},"end":{"line":28,"column":15}},"16":{"start":{"line":26,"column":16},"end":{"line":26,"column":33}},"17":{"start":{"line":27,"column":16},"end":{"line":27,"column":30}},"18":{"start":{"line":29,"column":12},"end":{"line":31,"column":15}},"19":{"start":{"line":30,"column":16},"end":{"line":30,"column":31}},"20":{"start":{"line":35,"column":8},"end":{"line":35,"column":61}},"21":{"start":{"line":38,"column":8},"end":{"line":38,"column":54}},"22":{"start":{"line":41,"column":8},"end":{"line":45,"column":9}},"23":{"start":{"line":42,"column":12},"end":{"line":44,"column":13}},"24":{"start":{"line":43,"column":16},"end":{"line":43,"column":139}},"25":{"start":{"line":48,"column":8},"end":{"line":48,"column":41}},"26":{"start":{"line":49,"column":8},"end":{"line":51,"column":9}},"27":{"start":{"line":50,"column":12},"end":{"line":50,"column":172}},"28":{"start":{"line":52,"column":20},"end":{"line":52,"column":79}},"29":{"start":{"line":53,"column":8},"end":{"line":55,"column":9}},"30":{"start":{"line":54,"column":12},"end":{"line":54,"column":185}},"31":{"start":{"line":56,"column":8},"end":{"line":56,"column":19}},"32":{"start":{"line":59,"column":8},"end":{"line":59,"column":121}},"33":{"start":{"line":62,"column":23},"end":{"line":62,"column":45}},"34":{"start":{"line":63,"column":21},"end":{"line":63,"column":39}},"35":{"start":{"line":64,"column":8},"end":{"line":64,"column":35}},"36":{"start":{"line":67,"column":24},"end":{"line":67,"column":50}},"37":{"start":{"line":68,"column":21},"end":{"line":68,"column":39}},"38":{"start":{"line":69,"column":8},"end":{"line":69,"column":43}},"39":{"start":{"line":72,"column":20},"end":{"line":72,"column":36}},"40":{"start":{"line":73,"column":8},"end":{"line":73,"column":41}},"41":{"start":{"line":76,"column":20},"end":{"line":76,"column":36}},"42":{"start":{"line":77,"column":8},"end":{"line":77,"column":35}},"43":{"start":{"line":80,"column":20},"end":{"line":80,"column":36}},"44":{"start":{"line":81,"column":8},"end":{"line":81,"column":65}},"45":{"start":{"line":84,"column":8},"end":{"line":84,"column":41}},"46":{"start":{"line":85,"column":23},"end":{"line":85,"column":64}},"47":{"start":{"line":86,"column":8},"end":{"line":94,"column":11}},"48":{"start":{"line":89,"column":43},"end":{"line":89,"column":58}},"49":{"start":{"line":90,"column":12},"end":{"line":93,"column":14}},"50":{"start":{"line":97,"column":8},"end":{"line":97,"column":41}},"51":{"start":{"line":98,"column":8},"end":{"line":98,"column":46}},"52":{"start":{"line":101,"column":8},"end":{"line":101,"column":41}},"53":{"start":{"line":102,"column":8},"end":{"line":102,"column":44}},"54":{"start":{"line":105,"column":20},"end":{"line":105,"column":36}},"55":{"start":{"line":106,"column":8},"end":{"line":106,"column":31}},"56":{"start":{"line":109,"column":20},"end":{"line":109,"column":36}},"57":{"start":{"line":110,"column":8},"end":{"line":110,"column":33}},"58":{"start":{"line":113,"column":20},"end":{"line":113,"column":36}},"59":{"start":{"line":114,"column":8},"end":{"line":114,"column":38}},"60":{"start":{"line":117,"column":20},"end":{"line":117,"column":36}},"61":{"start":{"line":118,"column":8},"end":{"line":118,"column":28}},"62":{"start":{"line":121,"column":20},"end":{"line":121,"column":36}},"63":{"start":{"line":122,"column":8},"end":{"line":122,"column":47}},"64":{"start":{"line":125,"column":20},"end":{"line":125,"column":36}},"65":{"start":{"line":126,"column":8},"end":{"line":126,"column":41}},"66":{"start":{"line":137,"column":20},"end":{"line":137,"column":36}},"67":{"start":{"line":138,"column":8},"end":{"line":138,"column":46}},"68":{"start":{"line":141,"column":20},"end":{"line":141,"column":36}},"69":{"start":{"line":142,"column":8},"end":{"line":142,"column":42}},"70":{"start":{"line":145,"column":0},"end":{"line":145,"column":28}},"71":{"start":{"line":148,"column":8},"end":{"line":155,"column":9}},"72":{"start":{"line":149,"column":27},"end":{"line":149,"column":144}},"73":{"start":{"line":150,"column":25},"end":{"line":150,"column":43}},"74":{"start":{"line":151,"column":12},"end":{"line":151,"column":114}},"75":{"start":{"line":154,"column":12},"end":{"line":154,"column":25}},"76":{"start":{"line":158,"column":23},"end":{"line":158,"column":118}},"77":{"start":{"line":159,"column":21},"end":{"line":159,"column":39}},"78":{"start":{"line":160,"column":8},"end":{"line":160,"column":31}},"79":{"start":{"line":163,"column":8},"end":{"line":166,"column":9}},"80":{"start":{"line":164,"column":12},"end":{"line":164,"column":94}},"81":{"start":{"line":165,"column":12},"end":{"line":165,"column":22}},"82":{"start":{"line":167,"column":23},"end":{"line":167,"column":98}},"83":{"start":{"line":168,"column":21},"end":{"line":168,"column":39}},"84":{"start":{"line":169,"column":24},"end":{"line":172,"column":11}},"85":{"start":{"line":169,"column":55},"end":{"line":172,"column":9}},"86":{"start":{"line":173,"column":8},"end":{"line":173,"column":23}},"87":{"start":{"line":176,"column":0},"end":{"line":176,"column":32}}},"fnMap":{"0":{"name":"(anonymous_0)","decl":{"start":{"line":10,"column":21},"end":{"line":10,"column":22}},"loc":{"start":{"line":10,"column":27},"end":{"line":16,"column":1}},"line":10},"1":{"name":"(anonymous_1)","decl":{"start":{"line":19,"column":4},"end":{"line":19,"column":5}},"loc":{"start":{"line":19,"column":26},"end":{"line":21,"column":5}},"line":19},"2":{"name":"(anonymous_2)","decl":{"start":{"line":22,"column":4},"end":{"line":22,"column":5}},"loc":{"start":{"line":22,"column":28},"end":{"line":33,"column":5}},"line":22},"3":{"name":"(anonymous_3)","decl":{"start":{"line":23,"column":27},"end":{"line":23,"column":28}},"loc":{"start":{"line":23,"column":48},"end":{"line":32,"column":9}},"line":23},"4":{"name":"(anonymous_4)","decl":{"start":{"line":25,"column":46},"end":{"line":25,"column":47}},"loc":{"start":{"line":25,"column":52},"end":{"line":28,"column":13}},"line":25},"5":{"name":"(anonymous_5)","decl":{"start":{"line":29,"column":31},"end":{"line":29,"column":32}},"loc":{"start":{"line":29,"column":40},"end":{"line":31,"column":13}},"line":29},"6":{"name":"(anonymous_6)","decl":{"start":{"line":34,"column":4},"end":{"line":34,"column":5}},"loc":{"start":{"line":34,"column":28},"end":{"line":36,"column":5}},"line":34},"7":{"name":"(anonymous_7)","decl":{"start":{"line":37,"column":4},"end":{"line":37,"column":5}},"loc":{"start":{"line":37,"column":32},"end":{"line":39,"column":5}},"line":37},"8":{"name":"(anonymous_8)","decl":{"start":{"line":40,"column":4},"end":{"line":40,"column":5}},"loc":{"start":{"line":40,"column":32},"end":{"line":46,"column":5}},"line":40},"9":{"name":"(anonymous_9)","decl":{"start":{"line":47,"column":4},"end":{"line":47,"column":5}},"loc":{"start":{"line":47,"column":16},"end":{"line":57,"column":5}},"line":47},"10":{"name":"(anonymous_10)","decl":{"start":{"line":58,"column":4},"end":{"line":58,"column":5}},"loc":{"start":{"line":58,"column":23},"end":{"line":60,"column":5}},"line":58},"11":{"name":"(anonymous_11)","decl":{"start":{"line":61,"column":4},"end":{"line":61,"column":5}},"loc":{"start":{"line":61,"column":26},"end":{"line":65,"column":5}},"line":61},"12":{"name":"(anonymous_12)","decl":{"start":{"line":66,"column":4},"end":{"line":66,"column":5}},"loc":{"start":{"line":66,"column":29},"end":{"line":70,"column":5}},"line":66},"13":{"name":"(anonymous_13)","decl":{"start":{"line":71,"column":4},"en
[...]
)","decl":{"start":{"line":82,"column":41},"end":{"line":82,"column":42}},"loc":{"start":{"line":82,"column":49},"end":{"line":85,"column":9}},"line":82},"13":{"name":"(anonymous_13)","decl":{"start":{"line":87,"column":4},"end":{"line":87,"column":5}},"loc":{"start":{"line":87,"column":26},"end":{"line":90,"column":5}},"line":87},"14":{"name":"(anonymous_14)","decl":{"start":{"line":91,"column":4},"end":{"line":91,"column":5}},"loc":{"start":{"line":91,"column":25},"end":{"line":94,"column":5}},"line":91},"15":{"name":"(anonymous_15)","decl":{"start":{"line":95,"column":4},"end":{"line":95,"column":5}},"loc":{"start":{"line":95,"column":27},"end":{"line":98,"column":5}},"line":95},"16":{"name":"(anonymous_16)","decl":{"start":{"line":99,"column":4},"end":{"line":99,"column":5}},"loc":{"start":{"line":99,"column":57},"end":{"line":102,"column":5}},"line":99},"17":{"name":"(anonymous_17)","decl":{"start":{"line":103,"column":4},"end":{"line":103,"column":5}},"loc":{"start":{"line":103,"column":20},"end":{"line":106,"column":5}},"line":103},"18":{"name":"(anonymous_18)","decl":{"start":{"line":107,"column":4},"end":{"line":107,"column":5}},"loc":{"start":{"line":107,"column":30},"end":{"line":110,"column":5}},"line":107},"19":{"name":"(anonymous_19)","decl":{"start":{"line":111,"column":4},"end":{"line":111,"column":5}},"loc":{"start":{"line":111,"column":32},"end":{"line":114,"column":5}},"line":111},"20":{"name":"(anonymous_20)","decl":{"start":{"line":115,"column":4},"end":{"line":115,"column":5}},"loc":{"start":{"line":115,"column":38},"end":{"line":118,"column":5}},"line":115},"21":{"name":"(anonymous_21)","decl":{"start":{"line":119,"column":4},"end":{"line":119,"column":5}},"loc":{"start":{"line":119,"column":27},"end":{"line":122,"column":5}},"line":119},"22":{"name":"(anonymous_22)","decl":{"start":{"line":126,"column":4},"end":{"line":126,"column":5}},"loc":{"start":{"line":126,"column":21},"end":{"line":149,"column":5}},"line":126},"23":{"name":"(anonymous_23)","decl":{"start":{"line":135,"column":55},"end":{"line":135,"column":56}},"loc":{"start":{"line":135,"column":65},"end":{"line":143,"column":13}},"line":135},"24":{"name":"(anonymous_24)","decl":{"start":{"line":136,"column":34},"end":{"line":136,"column":35}},"loc":{"start":{"line":136,"column":39},"end":{"line":142,"column":17}},"line":136},"25":{"name":"(anonymous_25)","decl":{"start":{"line":150,"column":4},"end":{"line":150,"column":5}},"loc":{"start":{"line":150,"column":27},"end":{"line":153,"column":5}},"line":150},"26":{"name":"(anonymous_26)","decl":{"start":{"line":152,"column":20},"end":{"line":152,"column":21}},"loc":{"start":{"line":152,"column":33},"end":{"line":152,"column":61}},"line":152},"27":{"name":"(anonymous_27)","decl":{"start":{"line":154,"column":4},"end":{"line":154,"column":5}},"loc":{"start":{"line":154,"column":23},"end":{"line":156,"column":5}},"line":154}},"branchMap":{"0":{"loc":{"start":{"line":21,"column":8},"end":{"line":24,"column":9}},"type":"if","locations":[{"start":{"line":21,"column":8},"end":{"line":24,"column":9}},{"start":{},"end":{}}],"line":21},"1":{"loc":{"start":{"line":34,"column":12},"end":{"line":37,"column":13}},"type":"if","locations":[{"start":{"line":34,"column":12},"end":{"line":37,"column":13}},{"start":{},"end":{}}],"line":34},"2":{"loc":{"start":{"line":45,"column":8},"end":{"line":51,"column":9}},"type":"if","locations":[{"start":{"line":45,"column":8},"end":{"line":51,"column":9}},{"start":{},"end":{}}],"line":45},"3":{"loc":{"start":{"line":47,"column":12},"end":{"line":49,"column":13}},"type":"if","locations":[{"start":{"line":47,"column":12},"end":{"line":49,"column":13}},{"start":{},"end":{}}],"line":47},"4":{"loc":{"start":{"line":128,"column":8},"end":{"line":131,"column":9}},"type":"if","locations":[{"start":{"line":128,"column":8},"end":{"line":131,"column":9}},{"start":{},"end":{}}],"line":128}},"s":{"0":1,"1":1,"2":1,"3":1,"4":1,"5":1,"6":1,"7":1,"8":1,"9":1,"10":0,"11":0,"12":0,"13":0,"14":0,"15":0,"16":0,"17":0,"18":0,"19":0,"20":0,"21":0,"22":0,"23":0,"24":0,"25":0,"26":0,"27":0,"28":0,"29":0,"30":0,"31":0,"32":0,"33":0,"34":0,"35":0,"36":0,"37":0,"38":0,"39":0,"40":0,"41":0,"42":0,"43":0,"44":0,"45":0,"46":0,"47":0,"48":0,"49":0,"50":0,"51":0,"52":0,"53":0,"54":0,"55":0,"56":0,"57":0,"58":0,"59":0,"60":0,"61":0,"62":0,"63":1,"64":1,"65":1,"66":0,"67":0,"68":0,"69":0,"70":0,"71":0,"72":0,"73":0,"74":1,"75":0,"76":1,"77":1},"f":{"0":1,"1":0,"2":0,"3":0,"4":0,"5":0,"6":0,"7":0,"8":0,"9":0,"10":0,"11":0,"12":0,"13":0,"14":0,"15":0,"16":0,"17":0,"18":0,"19":0,"20":0,"21":0,"22":1,"23":0,"24":0,"25":1,"26":0,"27":1},"b":{"0":[0,0],"1":[0,0],"2":[0,0],"3":[0,0],"4":[1,0]},"inputSourceMap":{"version":3,"file":"D:/Projects/mobile-mcp-main/src/iphone-simulator.ts","sources":["D:/Projects/mobile-mcp-main/src/iphone-simulator.ts"],"names":[],"mappings":";;;AAAA,2DAAkD;AAElD,qCAAiC;AACjC,uDAAmD;AACnD,mCAA+H;AA+B/H,MAAM,OAAO,GAAG,KAAK,CAAC;AACtB,MAAM,QAAQ,GAAG,IAAI,CAAC;AACtB,MAAM,eAAe,GAAG,IAAI,GAAG,IAAI,GAAG,CAAC,CAAC;AAExC,MAAa,MAAM;IAEW;IAA7B,YAA6B,aAAqB;QAArB,kBAAa,GAAb,aAAa,CAAQ;IAAG,CAAC;IAE9C,KAAK,CAAC,cAAc;QAC3B,MAAM,IAAI,GAAG,MAAM,IAAI,CAAC,QAAQ,EAAE,CAAC;QACnC,OAAO,IAAI,CAAC,GAAG,CAAC,GAAG,CAAC,EAAE,CAAC,GAAG,CAAC,WAAW,CAAC,CAAC,QAAQ,CAAC,6CAA6C,CAAC,CAAC;IACjG,CAAC;IAEO,KAAK,CAAC,QAAQ;QACrB,IAAI,CAAC,CAAC,MAAM,IAAI,CAAC,cAAc,EAAE,CAAC,EAAE,CAAC;YACpC,uDAAuD;YACvD,OAAO;QACR,CAAC;QAED,IAAA,cAAK,EAAC,yBAAyB,CAAC,CAAC;QACjC,MAAM,oBAAoB,GAAG,6CAA6C,CAAC;QAC3E,IAAI,CAAC,MAAM,CAAC,QAAQ,EAAE,IAAI,CAAC,aAAa,EAAE,oBAAoB,CAAC,CAAC;QAEhE,kDAAkD;QAClD,MAAM,GAAG,GAAG,IAAI,gCAAc,CAAC,WAAW,EAAE,QAAQ,CAAC,CAAC;QAEtD,yCAAyC;QACzC,MAAM,OAAO,GAAG,CAAC,IAAI,IAAI,EAAE,GAAG,EAAE,GAAG,IAAI,CAAC;QACxC,OAAO,CAAC,IAAI,IAAI,EAAE,GAAG,OAAO,EAAE,CAAC;YAC9B,kDAAkD;YAClD,IAAI,MAAM,GAAG,CAAC,SAAS,EAAE,EAAE,CAAC;gBAC3B,IAAA,cAAK,EAAC,+BAA+B,CAAC,CAAC;gBACvC,OAAO;YACR,CAAC;YAED,iCAAiC;YACjC,MAAM,IAAI,OAAO,CAAC,OAAO,CAAC,EAAE,CAAC,UAAU,CAAC,OAAO,EAAE,GAAG,CAAC,CAAC,CAAC;QACxD,CAAC;QAED,IAAA,cAAK,EAAC,mDAAmD,CAAC,CAAC;IAC5D,CAAC;IAEO,KAAK,CAAC,GAAG;QAChB,MAAM,GAAG,GAAG,IAAI,gCAAc,CAAC,WAAW,EAAE,QAAQ,CAAC,CAAC;QAEtD,IAAI,CAAC,CAAC,MAAM,GAAG,CAAC,SAAS,EAAE,CAAC,EAAE,CAAC;YAC9B,MAAM,IAAI,CAAC,QAAQ,EAAE,CAAC;YACtB,IAAI,CAAC,CAAC,MAAM,GAAG,CAAC,SAAS,EAAE,CAAC,EAAE,CAAC;gBAC9B,MAAM,IAAI,uBAAe,CAAC,wGAAwG,CAAC,CAAC;YACrI,CAAC;YAED,2BAA2B;QAC5B,CAAC;QAED,OAAO,GAAG,CAAC;IACZ,CAAC;IAEO,MAAM,CAAC,GAAG,IAAc;QAC/B,OAAO,IAAA,iCAAY,EAAC,OAAO,EAAE,CAAC,QAAQ,EAAE,GAAG,IAAI,CAAC,EAAE;YACjD,OAAO,EAAE,OAAO;YAChB,SAAS,EAAE,eAAe;SAC1B,CAAC,CAAC;IACJ,CAAC;IAEM,KAAK,CAAC,aAAa;QACzB,MAAM,GAAG,GAAG,MAAM,IAAI,CAAC,GAAG,EAAE,CAAC;QAC7B,OAAO,MAAM,GAAG,CAAC,aAAa,EAAE,CAAC;QACjC,gFAAgF;IACjF,CAAC;IAEM,KAAK,CAAC,OAAO,CAAC,GAAW;QAC/B,MAAM,GAAG,GAAG,MAAM,IAAI,CAAC,GAAG,EAAE,CAAC;QAC7B,MAAM,GAAG,CAAC,OAAO,CAAC,GAAG,CAAC,CAAC;QACvB,gEAAgE;IACjE,CAAC;IAEM,KAAK,CAAC,SAAS,CAAC,WAAmB;QACzC,IAAI,CAAC,MAAM,CAAC,QAAQ,EAAE,IAAI,CAAC,aAAa,EAAE,WAAW,CAAC,CAAC;IACxD,CAAC;IAEM,KAAK,CAAC,YAAY,CAAC,WAAmB;QAC5C,IAAI,CAAC,MAAM,CAAC,WAAW,EAAE,IAAI,CAAC,aAAa,EAAE,WAAW,CAAC,CAAC;IAC3D,CAAC;IAEM,KAAK,CAAC,QAAQ;QACpB,MAAM,IAAI,GAAG,IAAI,CAAC,MAAM,CAAC,UAAU,EAAE,IAAI,CAAC,aAAa,CAAC,CAAC,QAAQ,EAAE,CAAC;QACpE,MAAM,MAAM,GAAG,IAAA,iCAAY,EAAC,QAAQ,EAAE,CAAC,UAAU,EAAE,MAAM,EAAE,IAAI,EAAE,GAAG,EAAE,IAAI,EAAE,GAAG,CAAC,EAAE;YACjF,KAAK,EAAE,IAAI;SACX,CAAC,CAAC;QAEH,MAAM,MAAM,GAAG,IAAI,CAAC,KAAK,CAAC,MAAM,CAAC,QAAQ,EAAE,CAA4B,CAAC;QACxE,OAAO,MAAM,CAAC,MAAM,CAAC,MAAM,CAAC,CAAC,GAAG,CAAC,GAAG,CAAC,EAAE,CAAC,CAAC;YACxC,WAAW,EAAE,GAAG,CAAC,kBAAkB;YACnC,OAAO,EAAE,GAAG,CAAC,mBAAmB;SAChC,CAAC,CAAC,CAAC;IACL,CAAC;IAEM,KAAK,CAAC,aAAa;QACzB,MAAM,GAAG,GAAG,MAAM,IAAI,CAAC,GAAG,EAAE,CAAC;QAC7B,OAAO,GAAG,CAAC,aAAa,EAAE,CAAC;IAC5B,CAAC;IAEM,KAAK,CAAC,QAAQ,CAAC,IAAY;QACjC,MAAM,GAAG,GAAG,MAAM,IAAI,CAAC,GAAG,EAAE,CAAC;QAC7B,OAAO,GAAG,CAAC,QAAQ,CAAC,IAAI,CAAC,CAAC;IAC3B,CAAC;IAEM,KAAK,CAAC,KAAK,CAAC,SAAyB;QAC3C,MAAM,GAAG,GAAG,MAAM,IAAI,CAAC,GAAG,EAAE,CAAC;QAC7B,OAAO,GAAG,CAAC,KAAK,CAAC,SAAS,CAAC,CAAC;IAC7B,CAAC;IAEM,KAAK,CAAC,mBAAmB,CAAC,CAAS,EAAE,CAAS,EAAE,SAAyB,EAAE,QAAiB;QAClG,MAAM,GAAG,GAAG,MAAM,IAAI,CAAC,GAAG,EAAE,CAAC;QAC7B,OAAO,GAAG,CAAC,mBAAmB,CAAC,CAAC,EAAE,CAAC,EAAE,SAAS,EAAE,QAAQ,CAAC,CAAC;IAC3D,CAAC;IAEM,KAAK,CAAC,GAAG,CAAC,CAAS,EAAE,CAAS;QACpC,MAAM,GAAG,GAAG,MAAM,IAAI,CAAC,GAAG,EAAE,CAAC;QAC7B,OAAO,GAAG,CAAC,GAAG,CAAC,CAAC,EAAE,CAAC,CAAC,CAAC;IACtB,CAAC;IAEM,KAAK,CAAC,WAAW,CAAC,MAAc;QACtC,MAAM,GAAG,GAAG,MAAM,IAAI,CAAC,GAAG,EAAE,CAAC;QAC7B,OAAO,GAAG,CAAC,WAAW,CAAC,MAAM,CAAC,CAAC;IAChC,CAAC;IAEM,KAAK,CAAC,mBAAmB;QAC/B,MAAM,GAAG,GAAG,MAAM,IAAI,CAAC,GAAG,EAAE,CAAC;QAC7B,OAAO,GAAG,CAAC,mBAAmB,EAAE,CAAC;IAClC,CAAC;IAEM,KAAK,CAAC,cAAc,CAAC,WAAwB;QACnD,MAAM,GAAG,GAAG,MAAM,IAAI,CAAC,GAAG,EAAE,CAAC;QAC7B,OAAO,GAAG,CAAC,cAAc,CAAC,WAAW,CAAC,CAAC;IACxC,CAAC;IAEM,KAAK,CAAC,cAAc;QAC1B,MAAM,GAAG,GAAG,MAAM,IAAI,CAAC,GAAG,EAAE,CAAC;QAC7B,OAAO,GAAG,CAAC,cAAc,EAAE,CAAC;IAC7B,CAAC;CACD;AAzID,wBAyIC;AAED,MAAa,aAAa;IAElB,cAAc;QACpB,0BAA0B;QAC1B,IAAI,OAAO,CAAC,QAAQ,KAAK,QAAQ,EAAE,CAAC;YACnC,8BAA8B;YAC9B,OAAO,EAAE,CAAC;QACX,CAAC;QAED,IAAI,CAAC;YACJ,MAAM,IAAI,GAAG,IAAA,iCAAY,EAAC,OAAO,EAAE,CAAC,QAAQ,EAAE,MAAM,EAAE,SAAS,EAAE,IAAI,CAAC,CAAC,CAAC,QAAQ,EAAE,CAAC;YACnF,MAAM,IAAI,GAAwB,IAAI,CAAC,KAAK,CAAC,IAAI,CAAC,CAAC;YACnD,OAAO,MAAM,CAAC,MAAM,CAAC,IAAI,CAAC,OAAO,CAAC,CAAC,OAAO,CAAC,MAAM,CAAC,EAAE;gBACnD,OAAO,MAAM,CAAC,GAAG,CAAC,CAAC,CAAC,EAAE;oBACrB,OAAO;wBACN,IAAI,EAAE,CAAC,CAAC,IAAI;wBACZ,IAAI,EAAE,CAAC,CAAC,IAAI;wBACZ,KAAK,EAAE,CAAC,CAAC,KAAK;qBACd,CAAC;gBACH,CAAC,CAAC,CAAC;YACJ,CAAC,CAAC,CAAC;QACJ,CAAC;QAAC,OAAO,KAAK,EAAE,CAAC;YAChB,OAAO,CAAC,KAAK,CAAC,0BAA0B,EAAE,KAAK,CAAC,CAAC;YACjD,OAAO,EAAE,CAAC;QACX,CAAC;IACF,CAAC;IAEM,oBAAoB;QAC1B,OAAO,IAAI,CAAC,cAAc,EAAE;aAC1B,MAAM,CAAC,SAAS,CAAC,EAAE,CAAC,SAAS,CAAC,KAAK,KAAK,QAAQ,CAAC,CAAC;IACrD,CAAC;IAEM,YAAY,CAAC,IAAY;QAC/B,OAAO,IAAI,MAAM,CAAC,IAAI,CAAC,CAAC;IACzB,CAAC;CACD;AAnCD,sCAmCC","sourcesContent":["import { execFileSync } from \"node:child_process\";\n\nimport { trace } from \"./logger\";\nimport { WebDriverAgent } from \"./webdriver-agent\";\nimport { ActionableError, Button, InstalledApp, Robot, ScreenElement, ScreenSize, SwipeDirection, Orientation } from \"./robot\";\n\nexport interface Simulator {\n\tname: string;\n\tuuid: string;\n\tstate: string;\n}\n\ninterface ListDevicesResponse {\n\tdevices: {\n\t\t[key: string]: Array<{\n\t\t\tstate: string;\n\t\t\tname: string;\n\t\t\tisAvailable: boolean;\n\t\t\tudid: string;\n\t\t}>,\n\t},\n}\n\ninterface AppInfo {\n\tApplicationType: string;\n\tBundle: string;\n\tCFBundleDisplayName: string;\n\tCFBundleExecutable: string;\n\tCFBundleIdentifier: string;\n\tCFBundleName: string;\n\tCFBundleVersion: string;\n\tDataContainer: string;\n\tPath: string;\n}\n\nconst TIMEOUT = 30000;\nconst WDA_PORT = 8100;\nconst MAX_BUFFER_SIZE = 1024 * 1024 * 4;\n\nexport class Simctl implements Robot {\n\n\tconstructor(private readonly simulatorUuid: string) {}\n\n\tprivate async isWdaInstalled(): Promise<boolean> {\n\t\tconst apps = await this.listApps();\n\t\treturn apps.map(app => app.packageName).includes(\"com.facebook.WebDriverAgentRunner.xctrunner\");\n\t}\n\n\tprivate async startWda(): Promise<void> {\n\t\tif (!(await this.isWdaInstalled())) {\n\t\t\t// wda is not even installed, won't attempt to start it\n\t\t\treturn;\n\t\t}\n\n\t\ttrace(\"Starting WebDriverAgent\");\n\t\tconst webdriverPackageName = \"com.facebook.WebDriverAgentRunner.xctrunner\";\n\t\tthis.simctl(\"launch\", this.simulatorUuid, webdriverPackageName);\n\n\t\t// now we wait for wda to have a successful status\n\t\tconst wda = new WebDriverAgent(\"localhost\", WDA_PORT);\n\n\t\t// wait up to 10 seconds for wda to start\n\t\tconst timeout = +new Date() + 10 * 1000;\n\t\twhile (+new Date() < timeout) {\n\t\t\t// cross fingers and see if wda is already running\n\t\t\tif (await wda.isRunning()) {\n\t\t\t\ttrace(\"WebDriverAgent is now running\");\n\t\t\t\treturn;\n\t\t\t}\n\n\t\t\t// wait 100ms before trying again\n\t\t\tawait new Promise(resolve => setTimeout(resolve, 100));\n\t\t}\n\n\t\ttrace(\"Could not start WebDriverAgent in time, giving up\");\n\t}\n\n\tprivate async wda(): Promise<WebDriverAgent> {\n\t\tconst wda = new WebDriverAgent(\"localhost\", WDA_PORT);\n\n\t\tif (!(await wda.isRunning())) {\n\t\t\tawait this.startWda();\n\t\t\tif (!(await wda.isRunning())) {\n\t\t\t\tthrow new ActionableError(\"WebDriverAgent is not running on simulator, please see https://github.com/mobile-next/mobile-mcp/wiki/\");\n\t\t\t}\n\n\t\t\t// was successfully started\n\t\t}\n\n\t\treturn wda;\n\t}\n\n\tprivate simctl(...args: string[]): Buffer {\n\t\treturn execFileSync(\"xcrun\", [\"simctl\", ...args], {\n\t\t\ttimeout: TIMEOUT,\n\t\t\tmaxBuffer: MAX_BUFFER_SIZE,\n\t\t});\n\t}\n\n\tpublic async getScreenshot(): Promise<Buffer> {\n\t\tconst wda = await this.wda();\n\t\treturn await wda.getScreenshot();\n\t\t// alternative: return this.simctl(\"io\", this.simulatorUuid, \"screenshot\", \"-\");\n\t}\n\n\tpublic async openUrl(url: string) {\n\t\tconst wda = await this.wda();\n\t\tawait wda.openUrl(url);\n\t\t// alternative: this.simctl(\"openurl\", this.simulatorUuid, url);\n\t}\n\n\tpublic async launchApp(packageName: string) {\n\t\tthis.simctl(\"launch\", this.simulatorUuid, packageName);\n\t}\n\n\tpublic async terminateApp(packageName: string) {\n\t\tthis.simctl(\"terminate\", this.simulatorUuid, packageName);\n\t}\n\n\tpublic async listApps(): Promise<InstalledApp[]> {\n\t\tconst text = this.simctl(\"listapps\", this.simulatorUuid).toString();\n\t\tconst result = execFileSync(\"plutil\", [\"-convert\", \"json\", \"-o\", \"-\", \"-r\", \"-\"], {\n\t\t\tinput: text,\n\t\t});\n\n\t\tconst output = JSON.parse(result.toString()) as Record<string, AppInfo>;\n\t\treturn Object.values(output).map(app => ({\n\t\t\tpackageName: app.CFBundleIdentifier,\n\t\t\tappName: app.CFBundleDisplayName,\n\t\t}));\n\t}\n\n\tpublic async getScreenSize(): Promise<ScreenSize> {\n\t\tconst wda = await this.wda();\n\t\treturn wda.getScreenSize();\n\t}\n\n\tpublic async sendKeys(keys: string) {\n\t\tconst wda = await this.wda();\n\t\treturn wda.sendKeys(keys);\n\t}\n\n\tpublic async swipe(direction: SwipeDirection): Promise<void> {\n\t\tconst wda = await this.wda();\n\t\treturn wda.swipe(direction);\n\t}\n\n\tpublic async swipeFromCoordinate(x: number, y: number, direction: SwipeDirection, distance?: number): Promise<void> {\n\t\tconst wda = await this.wda();\n\t\treturn wda.swipeFromCoordinate(x, y, direction, distance);\n\t}\n\n\tpublic async tap(x: number, y: number) {\n\t\tconst wda = await this.wda();\n\t\treturn wda.tap(x, y);\n\t}\n\n\tpublic async pressButton(button: Button) {\n\t\tconst wda = await this.wda();\n\t\treturn wda.pressButton(button);\n\t}\n\n\tpublic async getElementsOnScreen(): Promise<ScreenElement[]> {\n\t\tconst wda = await this.wda();\n\t\treturn wda.getElementsOnScreen();\n\t}\n\n\tpublic async setOrientation(orientation: Orientation): Promise<void> {\n\t\tconst wda = await this.wda();\n\t\treturn wda.setOrientation(orientation);\n\t}\n\n\tpublic async getOrientation(): Promise<Orientation> {\n\t\tconst wda = await this.wda();\n\t\treturn wda.getOrientation();\n\t}\n}\n\nexport class SimctlManager {\n\n\tpublic listSimulators(): Simulator[] {\n\t\t// detect if this is a mac\n\t\tif (process.platform !== \"darwin\") {\n\t\t\t// don't even try to run xcrun\n\t\t\treturn [];\n\t\t}\n\n\t\ttry {\n\t\t\tconst text = execFileSync(\"xcrun\", [\"simctl\", \"list\", \"devices\", \"-j\"]).toString();\n\t\t\tconst json: ListDevicesResponse = JSON.parse(text);\n\t\t\treturn Object.values(json.devices).flatMap(device => {\n\t\t\t\treturn device.map(d => {\n\t\t\t\t\treturn {\n\t\t\t\t\t\tname: d.name,\n\t\t\t\t\t\tuuid: d.udid,\n\t\t\t\t\t\tstate: d.state,\n\t\t\t\t\t};\n\t\t\t\t});\n\t\t\t});\n\t\t} catch (error) {\n\t\t\tconsole.error(\"Error listing simulators\", error);\n\t\t\treturn [];\n\t\t}\n\t}\n\n\tpublic listBootedSimulators(): Simulator[] {\n\t\treturn this.listSimulators()\n\t\t\t.filter(simulator => simulator.state === \"Booted\");\n\t}\n\n\tpublic getSimulator(uuid: string): Simctl {\n\t\treturn new Simctl(uuid);\n\t}\n}\n"]},"_coverageSchema":"1a1c01bbd47fc00a2c39e90264f33305004495a9","hash":"9c5a64205e019c1a70b1ec689b0f0fa58d2f4a6a","contentHash":"b69b3de31cf511154357163f7d258aefb917461f5b82b4fd99b8e6cfbf5d3731"},"D:\\Projects\\mobile-mcp-main\\src\\logger.ts":{"path":"D:\\Projects\\mobile-mcp-main\\src\\logger.ts","statementMap":{"0":{"start":{"line":2,"column":0},"end":{"line":2,"column":62}},"1":{"start":{"line":3,"column":0},"end":{"line":3,"column":39}},"2":{"start":{"line":4,"column":18},"end":{"line":4,"column":36}},"3":{"start":{"line":5,"column":17},"end":{"line":14,"column":1}},"4":{"start":{"line":6,"column":4},"end":{"line":12,"column":5}},"5":{"start":{"line":7,"column":24},"end":{"line":7,"column":44}},"6":{"start":{"line":8,"column":26},"end":{"line":8,"column":50}},"7":{"start":{"line":9,"column":25},"end":{"line":9,"column":31}},"8":{"start":{"line":10,"column":27},"end":{"line":10,"column":66}},"9":{"start":{"line":11,"column":8},"end":{"line":11,"column":66}},"10":{"start":{"line":13,"column":4},"end":{"line":13,"column":27}},"11":{"start":{"line":15,"column":14},"end":{"line":17,"column":1}},"12":{"start":{"line":16,"column":4},"end":{"line":16,"column":22}},"13":{"start":{"line":18,"column":0},"end":{"line":18,"column":22}},"14":{"start":{"line":19,"column":14},"end":{"line":21,"column":1}},"15":{"start":{"line":20,"column":4},"end":{"line":20,"column":22}},"16":{"start":{"line":22,"column":0},"end":{"line":22,"column":22}}},"fnMap":{"0":{"name":"(anonymous_0)","decl":{"start":{"line":5,"column":17},"end":{"line":5,"column":18}},"loc":{"start":{"line":5,"column":30},"end":{"line":14,"column":1}},"line":5},"1":{"name":"(anonymous_1)","decl":{"start":{"line":15,"column":14},"end":{"line":15,"column":15}},"loc":{"start":{"line":15,"column":27},"end":{"line":17,"column":1}},"line":15},"2":{"name":"(anonymous_2)","decl":{"start":{"line":19,"column":14},"end":{"line":19,"column":15}},"loc":{"start":{"line":19,"column":27},"end":{"line":21,"column":1}},"line":19}},"branchMap":{"0":{"loc":{"start":{"line":6,"column":4},"end":{"line":12,"column":5}},"type":"if","locations":[{"start":{"line":6,"column":4},"end":{"line":12,"column":5}},{"start":{},"end":{}}],"line":6}},"s":{"0":1,"1":1,"2":1,"3":1,"4":0,"5":0,"6":0,"7":0,"8":0,"9":0,"10":0,"11":1,"12":0,"13":1,"14":1,"15":0,"16":1},"f":{"0":0,"1":0,"2":0},"b":{"0":[0,0]},"inputSourceMap":{"version":3,"file":"D:/Projects/mobile-mcp-main/src/logger.ts","sources":["D:/Projects/mobile-mcp-main/src/logger.ts"],"names":[],"mappings":";;;AAAA,qCAAyC;AAEzC,MAAM,QAAQ,GAAG,CAAC,OAAe,EAAE,EAAE;IACpC,IAAI,OAAO,CAAC,GAAG,CAAC,QAAQ,EAAE,CAAC;QAC1B,MAAM,OAAO,GAAG,OAAO,CAAC,GAAG,CAAC,QAAQ,CAAC;QACrC,MAAM,SAAS,GAAG,IAAI,IAAI,EAAE,CAAC,WAAW,EAAE,CAAC;QAC3C,MAAM,QAAQ,GAAG,MAAM,CAAC;QACxB,MAAM,UAAU,GAAG,IAAI,SAAS,KAAK,QAAQ,IAAI,OAAO,EAAE,CAAC;QAC3D,IAAA,wBAAc,EAAC,OAAO,EAAE,UAAU,GAAG,IAAI,CAAC,CAAC;IAC5C,CAAC;IAED,OAAO,CAAC,KAAK,CAAC,OAAO,CAAC,CAAC;AACxB,CAAC,CAAC;AAEK,MAAM,KAAK,GAAG,CAAC,OAAe,EAAE,EAAE;IACxC,QAAQ,CAAC,OAAO,CAAC,CAAC;AACnB,CAAC,CAAC;AAFW,QAAA,KAAK,SAEhB;AAEK,MAAM,KAAK,GAAG,CAAC,OAAe,EAAE,EAAE;IACxC,QAAQ,CAAC,OAAO,CAAC,CAAC;AACnB,CAAC,CAAC;AAFW,QAAA,KAAK,SAEhB","sourcesContent":["import { appendFileSync } from \"node:fs\";\n\nconst writeLog = (message: string) => {\n\tif (process.env.LOG_FILE) {\n\t\tconst logfile = process.env.LOG_FILE;\n\t\tconst timestamp = new Date().toISOString();\n\t\tconst levelStr = \"INFO\";\n\t\tconst logMessage = `[${timestamp}] ${levelStr} ${message}`;\n\t\tappendFileSync(logfile, logMessage + \"\\n\");\n\t}\n\n\tconsole.error(message);\n};\n\nexport const trace = (message: string) => {\n\twriteLog(message);\n};\n\nexport const error = (message: string) => {\n\twriteLog(message);\n};\n"]},"_coverageSchema":"1a1c01bbd47fc00a2c39e90264f33305004495a9","hash":"1fc1e4ca64861afe42a2038bf0d8cda8aeb4105c","contentHash":"61ec1e7a6f873ad6eff47c65cc70b1b834617a64fe90ad44fdb81e077843136d"}}